[2020-06-09 16:19:25]--[src_cgi/login_cgi.c:288]--buf = {
    "pwd": "fb3336fca8851437f980e83045e75749",
    "user": "tianyu"
}

[2020-06-09 16:19:25]--[src_cgi/login_cgi.c:294]--user = tianyu, pwd = fb3336fca8851437f980e83045e75749
[2020-06-09 16:19:25]--[src_cgi/login_cgi.c:101]--mysql_user = root, mysql_pwd = 123456, mysql_db = yundisk
[2020-06-09 16:19:25]--[src_cgi/login_cgi.c:161]--redis:[ip=127.0.0.1,port=6379]
[2020-06-09 16:19:25]--[src_cgi/login_cgi.c:185]--tmp = tianyu510557536989
[2020-06-09 16:19:25]--[src_cgi/login_cgi.c:201]--base64 = GvhisDmV5eC40FCDVyeYi5rmzKC1fzvo
[2020-06-09 16:19:25]--[src_cgi/login_cgi.c:303]--token = 9a5c95659fdc0bd86fbf536ffb6ba246
[2020-06-09 21:00:16]--[src_cgi/login_cgi.c:288]--buf = {
    "pwd": "fb3336fca8851437f980e83045e75749",
    "user": "tianyu"
}

[2020-06-09 21:00:16]--[src_cgi/login_cgi.c:294]--user = tianyu, pwd = fb3336fca8851437f980e83045e75749
[2020-06-09 21:00:16]--[src_cgi/login_cgi.c:101]--mysql_user = root, mysql_pwd = 123456, mysql_db = yundisk
[2020-06-09 21:00:16]--[src_cgi/login_cgi.c:161]--redis:[ip=127.0.0.1,port=6379]
[2020-06-09 21:00:16]--[src_cgi/login_cgi.c:185]--tmp = tianyu999638656708
[2020-06-09 21:00:16]--[src_cgi/login_cgi.c:201]--base64 = /yLs7B065Mn/BZ/ej6pQPeuEpBfVvZ4b
[2020-06-09 21:00:16]--[src_cgi/login_cgi.c:303]--token = fcf65b2fc9c0b3b710f3bbdd41557a81
