[2020-06-08 14:37:20]--[src_cgi/login_cgi.c:288]--buf = {
    "pwd": "fb3336fca8851437f980e83045e75749",
    "user": "tianyu"
}

[2020-06-08 14:37:20]--[src_cgi/login_cgi.c:294]--user = tianyu, pwd = fb3336fca8851437f980e83045e75749
[2020-06-08 14:37:20]--[src_cgi/login_cgi.c:101]--mysql_user = root, mysql_pwd = 123456, mysql_db = yundisk
[2020-06-08 14:37:20]--[src_cgi/login_cgi.c:161]--redis:[ip=127.0.0.1,port=6379]
[2020-06-08 14:37:20]--[src_cgi/login_cgi.c:185]--tmp = tianyu40895497698
[2020-06-08 14:37:20]--[src_cgi/login_cgi.c:201]--base64 = FnvvdKFOaOX8KG2HJl8yDFSLR+LwC1FL
[2020-06-08 14:37:20]--[src_cgi/login_cgi.c:303]--token = 203344fc1049aed9089701a7167a6cb1
[2020-06-08 14:40:48]--[src_cgi/login_cgi.c:288]--buf = {
    "pwd": "fb3336fca8851437f980e83045e75749",
    "user": "yutianyu"
}

[2020-06-08 14:40:48]--[src_cgi/login_cgi.c:294]--user = yutianyu, pwd = fb3336fca8851437f980e83045e75749
[2020-06-08 14:40:48]--[src_cgi/login_cgi.c:101]--mysql_user = root, mysql_pwd = 123456, mysql_db = yundisk
[2020-06-08 14:40:48]--[src_cgi/login_cgi.c:161]--redis:[ip=127.0.0.1,port=6379]
[2020-06-08 14:40:48]--[src_cgi/login_cgi.c:185]--tmp = yutianyu496100465433
[2020-06-08 14:40:48]--[src_cgi/login_cgi.c:201]--base64 = ovo7BjfFPB/86/qoHw1opSKqI8aHVHwy
[2020-06-08 14:40:48]--[src_cgi/login_cgi.c:303]--token = 087e12a2e8313d6b5ca4c15fa72ddc4c
[2020-06-08 14:42:14]--[src_cgi/login_cgi.c:288]--buf = {
    "pwd": "fb3336fca8851437f980e83045e75749",
    "user": "tianyu"
}

[2020-06-08 14:42:14]--[src_cgi/login_cgi.c:294]--user = tianyu, pwd = fb3336fca8851437f980e83045e75749
[2020-06-08 14:42:14]--[src_cgi/login_cgi.c:101]--mysql_user = root, mysql_pwd = 123456, mysql_db = yundisk
[2020-06-08 14:42:14]--[src_cgi/login_cgi.c:161]--redis:[ip=127.0.0.1,port=6379]
[2020-06-08 14:42:14]--[src_cgi/login_cgi.c:185]--tmp = tianyu54784857351
[2020-06-08 14:42:14]--[src_cgi/login_cgi.c:201]--base64 = S014+Bj8KDmbOvdxRNk91PlvnLKu4lWq
[2020-06-08 14:42:14]--[src_cgi/login_cgi.c:303]--token = 86512f9761c22512dd905927471df4b0
[2020-06-08 14:44:42]--[src_cgi/login_cgi.c:288]--buf = {
    "pwd": "fb3336fca8851437f980e83045e75749",
    "user": "tianyu"
}

[2020-06-08 14:44:42]--[src_cgi/login_cgi.c:294]--user = tianyu, pwd = fb3336fca8851437f980e83045e75749
[2020-06-08 14:44:42]--[src_cgi/login_cgi.c:101]--mysql_user = root, mysql_pwd = 123456, mysql_db = yundisk
[2020-06-08 14:44:42]--[src_cgi/login_cgi.c:161]--redis:[ip=127.0.0.1,port=6379]
[2020-06-08 14:44:42]--[src_cgi/login_cgi.c:185]--tmp = tianyu559697608116
[2020-06-08 14:44:42]--[src_cgi/login_cgi.c:201]--base64 = CYkKXYY6d/svRAbg2ZSXOWTkXdgYvned
[2020-06-08 14:44:42]--[src_cgi/login_cgi.c:303]--token = 0dd23daab8a824eed49926f23f4004a8
[2020-06-08 14:45:07]--[src_cgi/login_cgi.c:288]--buf = {
    "pwd": "fb3336fca8851437f980e83045e75749",
    "user": "yutianyu"
}

[2020-06-08 14:45:07]--[src_cgi/login_cgi.c:294]--user = yutianyu, pwd = fb3336fca8851437f980e83045e75749
[2020-06-08 14:45:07]--[src_cgi/login_cgi.c:101]--mysql_user = root, mysql_pwd = 123456, mysql_db = yundisk
[2020-06-08 14:45:07]--[src_cgi/login_cgi.c:161]--redis:[ip=127.0.0.1,port=6379]
[2020-06-08 14:45:07]--[src_cgi/login_cgi.c:185]--tmp = yutianyu356940264649
[2020-06-08 14:45:07]--[src_cgi/login_cgi.c:201]--base64 = ovo7BjfFPB/zFxFRgb02PBlo9f9E8Otr
[2020-06-08 14:45:07]--[src_cgi/login_cgi.c:303]--token = 9205b6e6831b4c523b075b8d68f256b9
[2020-06-08 14:45:22]--[src_cgi/login_cgi.c:288]--buf = {
    "pwd": "fb3336fca8851437f980e83045e75749",
    "user": "yutianyu"
}

[2020-06-08 14:45:22]--[src_cgi/login_cgi.c:294]--user = yutianyu, pwd = fb3336fca8851437f980e83045e75749
[2020-06-08 14:45:22]--[src_cgi/login_cgi.c:101]--mysql_user = root, mysql_pwd = 123456, mysql_db = yundisk
[2020-06-08 14:45:22]--[src_cgi/login_cgi.c:161]--redis:[ip=127.0.0.1,port=6379]
[2020-06-08 14:45:22]--[src_cgi/login_cgi.c:185]--tmp = yutianyu2321942757
[2020-06-08 14:45:22]--[src_cgi/login_cgi.c:201]--base64 = ovo7BjfFPB8oTMlbM0OP0PJXCMo4wuU0
[2020-06-08 14:45:22]--[src_cgi/login_cgi.c:303]--token = 3be5bb370518c1b6249959520657ac98
[2020-06-08 14:45:30]--[src_cgi/login_cgi.c:288]--buf = {
    "pwd": "fb3336fca8851437f980e83045e75749",
    "user": "yutianyu"
}

[2020-06-08 14:45:30]--[src_cgi/login_cgi.c:294]--user = yutianyu, pwd = fb3336fca8851437f980e83045e75749
[2020-06-08 14:45:30]--[src_cgi/login_cgi.c:101]--mysql_user = root, mysql_pwd = 123456, mysql_db = yundisk
[2020-06-08 14:45:30]--[src_cgi/login_cgi.c:161]--redis:[ip=127.0.0.1,port=6379]
[2020-06-08 14:45:30]--[src_cgi/login_cgi.c:185]--tmp = yutianyu228191577912
[2020-06-08 14:45:30]--[src_cgi/login_cgi.c:201]--base64 = ovo7BjfFPB+7KU9rh9M0BMBGt9zhp5tn
[2020-06-08 14:45:30]--[src_cgi/login_cgi.c:303]--token = 652f6cf348bc9ed47ea5ef3c9f97c186
[2020-06-08 14:46:30]--[src_cgi/login_cgi.c:288]--buf = {
    "pwd": "fb3336fca8851437f980e83045e75749",
    "user": "tianyu"
}

[2020-06-08 14:46:30]--[src_cgi/login_cgi.c:294]--user = tianyu, pwd = fb3336fca8851437f980e83045e75749
[2020-06-08 14:46:30]--[src_cgi/login_cgi.c:101]--mysql_user = root, mysql_pwd = 123456, mysql_db = yundisk
[2020-06-08 14:46:30]--[src_cgi/login_cgi.c:161]--redis:[ip=127.0.0.1,port=6379]
[2020-06-08 14:46:30]--[src_cgi/login_cgi.c:185]--tmp = tianyu9323172103
[2020-06-08 14:46:30]--[src_cgi/login_cgi.c:201]--base64 = SDZkVD1RGlrDyvHV+T5Rgy0ZxLNK7pNJ
[2020-06-08 14:46:30]--[src_cgi/login_cgi.c:303]--token = ce8d5da9563df89f2351644f32c6d1e6
[2020-06-08 16:09:30]--[src_cgi/login_cgi.c:288]--buf = {
    "pwd": "fb3336fca8851437f980e83045e75749",
    "user": "tianyu"
}

[2020-06-08 16:09:30]--[src_cgi/login_cgi.c:294]--user = tianyu, pwd = fb3336fca8851437f980e83045e75749
[2020-06-08 16:09:30]--[src_cgi/login_cgi.c:101]--mysql_user = root, mysql_pwd = 123456, mysql_db = yundisk
[2020-06-08 16:09:30]--[src_cgi/login_cgi.c:161]--redis:[ip=127.0.0.1,port=6379]
[2020-06-08 16:09:30]--[src_cgi/login_cgi.c:185]--tmp = tianyu135304948148
[2020-06-08 16:09:30]--[src_cgi/login_cgi.c:201]--base64 = UhVkilz5K68c64xG3OCtnUmFPUwzEjvQ
[2020-06-08 16:09:30]--[src_cgi/login_cgi.c:303]--token = c02e3b30ebe7d6866446db2b3d7dc9aa
[2020-06-08 16:13:54]--[src_cgi/login_cgi.c:288]--buf = {
    "pwd": "fb3336fca8851437f980e83045e75749",
    "user": "tianyu"
}

[2020-06-08 16:13:54]--[src_cgi/login_cgi.c:294]--user = tianyu, pwd = fb3336fca8851437f980e83045e75749
[2020-06-08 16:13:54]--[src_cgi/login_cgi.c:101]--mysql_user = root, mysql_pwd = 123456, mysql_db = yundisk
[2020-06-08 16:13:54]--[src_cgi/login_cgi.c:161]--redis:[ip=127.0.0.1,port=6379]
[2020-06-08 16:13:54]--[src_cgi/login_cgi.c:185]--tmp = tianyu410671416710
[2020-06-08 16:13:54]--[src_cgi/login_cgi.c:201]--base64 = 9MhW4AEYRJWYXAXvd222u6h3wOkbckkh
[2020-06-08 16:13:54]--[src_cgi/login_cgi.c:303]--token = 3e61639dfd31b0bbcfc0c5e9ee189b32
[2020-06-08 16:18:16]--[src_cgi/login_cgi.c:288]--buf = {
    "pwd": "fb3336fca8851437f980e83045e75749",
    "user": "tianyu"
}

[2020-06-08 16:18:16]--[src_cgi/login_cgi.c:294]--user = tianyu, pwd = fb3336fca8851437f980e83045e75749
[2020-06-08 16:18:16]--[src_cgi/login_cgi.c:101]--mysql_user = root, mysql_pwd = 123456, mysql_db = yundisk
[2020-06-08 16:18:16]--[src_cgi/login_cgi.c:161]--redis:[ip=127.0.0.1,port=6379]
[2020-06-08 16:18:16]--[src_cgi/login_cgi.c:185]--tmp = tianyu899937946574
[2020-06-08 16:18:16]--[src_cgi/login_cgi.c:201]--base64 = rz6L+lOokba2mIgGQ245AfvzbW9+CJg1
[2020-06-08 16:18:16]--[src_cgi/login_cgi.c:303]--token = 2d9f51909570f0804a73678eb8cb08ca
