[2020-06-11 15:34:18]--[src_cgi/login_cgi.c:288]--buf = {
    "pwd": "fb3336fca8851437f980e83045e75749",
    "user": "tianyu"
}

[2020-06-11 15:34:18]--[src_cgi/login_cgi.c:294]--user = tianyu, pwd = fb3336fca8851437f980e83045e75749
[2020-06-11 15:34:18]--[src_cgi/login_cgi.c:101]--mysql_user = root, mysql_pwd = 123456, mysql_db = yundisk
[2020-06-11 15:34:18]--[src_cgi/login_cgi.c:161]--redis:[ip=127.0.0.1,port=6379]
[2020-06-11 15:34:18]--[src_cgi/login_cgi.c:185]--tmp = tianyu968349147896
[2020-06-11 15:34:18]--[src_cgi/login_cgi.c:201]--base64 = DBxmZ3MMPLoLnj83tq10Mo7osQwnCBRq
[2020-06-11 15:34:18]--[src_cgi/login_cgi.c:303]--token = 5e929c52f1a7ac625e420008ac1c87cb
[2020-06-11 15:35:04]--[src_cgi/login_cgi.c:288]--buf = {
    "pwd": "fb3336fca8851437f980e83045e75749",
    "user": "tianyu"
}

[2020-06-11 15:35:04]--[src_cgi/login_cgi.c:294]--user = tianyu, pwd = fb3336fca8851437f980e83045e75749
[2020-06-11 15:35:04]--[src_cgi/login_cgi.c:101]--mysql_user = root, mysql_pwd = 123456, mysql_db = yundisk
[2020-06-11 15:35:04]--[src_cgi/login_cgi.c:161]--redis:[ip=127.0.0.1,port=6379]
[2020-06-11 15:35:04]--[src_cgi/login_cgi.c:185]--tmp = tianyu55156942496
[2020-06-11 15:35:04]--[src_cgi/login_cgi.c:201]--base64 = CYkKXYY6d/uh5FXOF3EQpuwb1egIr+tu
[2020-06-11 15:35:04]--[src_cgi/login_cgi.c:303]--token = bdac3fa99d08245b2be5a91d2b40a39c
