[2020-06-06 10:52:07]--[src_cgi/login_cgi.c:288]--buf = {
    "pwd": "fb3336fca8851437f980e83045e75749",
    "user": "tianyu"
}

[2020-06-06 10:52:07]--[src_cgi/login_cgi.c:294]--user = tianyu, pwd = fb3336fca8851437f980e83045e75749
[2020-06-06 10:52:07]--[src_cgi/login_cgi.c:101]--mysql_user = root, mysql_pwd = 123456, mysql_db = yundisk
[2020-06-06 10:52:07]--[src_cgi/login_cgi.c:161]--redis:[ip=127.0.0.1,port=6379]
[2020-06-06 10:52:07]--[src_cgi/login_cgi.c:185]--tmp = tianyu9261697699
[2020-06-06 10:52:07]--[src_cgi/login_cgi.c:201]--base64 = hjKfN8vUAnHXyRjNGPngTi0ZxLNK7pNJ
[2020-06-06 10:52:07]--[src_cgi/login_cgi.c:303]--token = db9c91575d05c5bfbf439e0ac3ede48c
[2020-06-06 10:55:27]--[src_cgi/login_cgi.c:288]--buf = {
    "pwd": "fb3336fca8851437f980e83045e75749",
    "user": "tianyu"
}

[2020-06-06 10:55:27]--[src_cgi/login_cgi.c:294]--user = tianyu, pwd = fb3336fca8851437f980e83045e75749
[2020-06-06 10:55:27]--[src_cgi/login_cgi.c:101]--mysql_user = root, mysql_pwd = 123456, mysql_db = yundisk
[2020-06-06 10:55:27]--[src_cgi/login_cgi.c:161]--redis:[ip=127.0.0.1,port=6379]
[2020-06-06 10:55:27]--[src_cgi/login_cgi.c:185]--tmp = tianyu73522133963
[2020-06-06 10:55:27]--[src_cgi/login_cgi.c:201]--base64 = 0VE/w44CHPViPV49SK1I6K7DEUAkWTSv
[2020-06-06 10:55:27]--[src_cgi/login_cgi.c:303]--token = 77f3f40a401bc437950082e95b9dacdc
[2020-06-06 10:56:30]--[src_cgi/login_cgi.c:288]--buf = {
    "pwd": "fb3336fca8851437f980e83045e75749",
    "user": "tianyu"
}

[2020-06-06 10:56:30]--[src_cgi/login_cgi.c:294]--user = tianyu, pwd = fb3336fca8851437f980e83045e75749
[2020-06-06 10:56:30]--[src_cgi/login_cgi.c:101]--mysql_user = root, mysql_pwd = 123456, mysql_db = yundisk
[2020-06-06 10:56:30]--[src_cgi/login_cgi.c:161]--redis:[ip=127.0.0.1,port=6379]
[2020-06-06 10:56:30]--[src_cgi/login_cgi.c:185]--tmp = tianyu338717636432
[2020-06-06 10:56:30]--[src_cgi/login_cgi.c:201]--base64 = g9FhRqAWttzPvoyUk8XUn+zUJ3TV/klo
[2020-06-06 10:56:30]--[src_cgi/login_cgi.c:303]--token = c6126c6303d062c6f6eab19ae60d2efd
[2020-06-06 10:57:32]--[src_cgi/login_cgi.c:288]--buf = {
    "pwd": "fb3336fca8851437f980e83045e75749",
    "user": "tianyu"
}

[2020-06-06 10:57:32]--[src_cgi/login_cgi.c:294]--user = tianyu, pwd = fb3336fca8851437f980e83045e75749
[2020-06-06 10:57:32]--[src_cgi/login_cgi.c:101]--mysql_user = root, mysql_pwd = 123456, mysql_db = yundisk
[2020-06-06 10:57:32]--[src_cgi/login_cgi.c:161]--redis:[ip=127.0.0.1,port=6379]
[2020-06-06 10:57:32]--[src_cgi/login_cgi.c:185]--tmp = tianyu213917634919
[2020-06-06 10:57:32]--[src_cgi/login_cgi.c:201]--base64 = jUULesZgVjRZ0IoqScNtdc6JtKBs7Odn
[2020-06-06 10:57:32]--[src_cgi/login_cgi.c:303]--token = 70bf8ddc9f764287bcbb1d5d8dd7c411
[2020-06-06 10:59:06]--[src_cgi/login_cgi.c:288]--buf = {
    "pwd": "fb3336fca8851437f980e83045e75749",
    "user": "tianyu"
}

[2020-06-06 10:59:06]--[src_cgi/login_cgi.c:294]--user = tianyu, pwd = fb3336fca8851437f980e83045e75749
[2020-06-06 10:59:06]--[src_cgi/login_cgi.c:101]--mysql_user = root, mysql_pwd = 123456, mysql_db = yundisk
[2020-06-06 10:59:06]--[src_cgi/login_cgi.c:161]--redis:[ip=127.0.0.1,port=6379]
[2020-06-06 10:59:06]--[src_cgi/login_cgi.c:185]--tmp = tianyu68016663474
[2020-06-06 10:59:06]--[src_cgi/login_cgi.c:201]--base64 = W2h9md4wn5DdkdmW0rHIGp+HwxKUAZ0k
[2020-06-06 10:59:06]--[src_cgi/login_cgi.c:303]--token = b59d81ee3006b7d4dc78f536e240ae34
[2020-06-06 10:59:19]--[src_cgi/login_cgi.c:288]--buf = {
    "pwd": "fb3336fca8851437f980e83045e75749",
    "user": "tianyu"
}

[2020-06-06 10:59:19]--[src_cgi/login_cgi.c:294]--user = tianyu, pwd = fb3336fca8851437f980e83045e75749
[2020-06-06 10:59:19]--[src_cgi/login_cgi.c:101]--mysql_user = root, mysql_pwd = 123456, mysql_db = yundisk
[2020-06-06 10:59:19]--[src_cgi/login_cgi.c:161]--redis:[ip=127.0.0.1,port=6379]
[2020-06-06 10:59:19]--[src_cgi/login_cgi.c:185]--tmp = tianyu951542283345
[2020-06-06 10:59:19]--[src_cgi/login_cgi.c:201]--base64 = F9O3rx3R51O6BR3gU5RTcPkzzgEOtmED
[2020-06-06 10:59:19]--[src_cgi/login_cgi.c:303]--token = 22131d71dfa9c0c8bd74aedea54ed9c2
[2020-06-06 13:18:33]--[src_cgi/login_cgi.c:288]--buf = {
    "pwd": "fb3336fca8851437f980e83045e75749",
    "user": "tianyu"
}

[2020-06-06 13:18:33]--[src_cgi/login_cgi.c:294]--user = tianyu, pwd = fb3336fca8851437f980e83045e75749
[2020-06-06 13:18:33]--[src_cgi/login_cgi.c:101]--mysql_user = root, mysql_pwd = 123456, mysql_db = yundisk
[2020-06-06 13:18:33]--[src_cgi/login_cgi.c:161]--redis:[ip=127.0.0.1,port=6379]
[2020-06-06 13:18:33]--[src_cgi/login_cgi.c:185]--tmp = tianyu758673349555
[2020-06-06 13:18:33]--[src_cgi/login_cgi.c:201]--base64 = IyOr/ayTbqBoyhkcExfPVRmJcLyqK45O
[2020-06-06 13:18:33]--[src_cgi/login_cgi.c:303]--token = baee6c5f6c0bd2696781055ae8f247d4
[2020-06-06 13:45:16]--[src_cgi/login_cgi.c:288]--buf = {
    "pwd": "fb3336fca8851437f980e83045e75749",
    "user": "tianyu"
}

[2020-06-06 13:45:16]--[src_cgi/login_cgi.c:294]--user = tianyu, pwd = fb3336fca8851437f980e83045e75749
[2020-06-06 13:45:16]--[src_cgi/login_cgi.c:101]--mysql_user = root, mysql_pwd = 123456, mysql_db = yundisk
[2020-06-06 13:45:16]--[src_cgi/login_cgi.c:161]--redis:[ip=127.0.0.1,port=6379]
[2020-06-06 13:45:16]--[src_cgi/login_cgi.c:185]--tmp = tianyu38695872225
[2020-06-06 13:45:16]--[src_cgi/login_cgi.c:201]--base64 = /Y53CuRnoNmR+CUl4RmG32+Ut+5trQL2
[2020-06-06 13:45:16]--[src_cgi/login_cgi.c:303]--token = ee3cdb55fd1bc356f9541eb1a0a21f94
[2020-06-06 16:24:57]--[src_cgi/login_cgi.c:288]--buf = {
    "pwd": "fb3336fca8851437f980e83045e75749",
    "user": "tianyu"
}

[2020-06-06 16:24:57]--[src_cgi/login_cgi.c:294]--user = tianyu, pwd = fb3336fca8851437f980e83045e75749
[2020-06-06 16:24:57]--[src_cgi/login_cgi.c:101]--mysql_user = root, mysql_pwd = 123456, mysql_db = yundisk
[2020-06-06 16:24:57]--[src_cgi/login_cgi.c:161]--redis:[ip=127.0.0.1,port=6379]
[2020-06-06 16:24:57]--[src_cgi/login_cgi.c:185]--tmp = tianyu352910471815
[2020-06-06 16:24:57]--[src_cgi/login_cgi.c:201]--base64 = D+S8YrpWTH7/S9w5/GXR0YkGY2TdE/kP
[2020-06-06 16:24:57]--[src_cgi/login_cgi.c:303]--token = 4100a75b54225efe764f5f7bbbc947bc
