[2020-06-05 19:06:35]--[src_cgi/login_cgi.c:288]--buf = {
    "pwd": "fb3336fca8851437f980e83045e75749",
    "user": "yutianyu"
}

[2020-06-05 19:06:35]--[src_cgi/login_cgi.c:294]--user = yutianyu, pwd = fb3336fca8851437f980e83045e75749
[2020-06-05 19:06:35]--[src_cgi/login_cgi.c:101]--mysql_user = root, mysql_pwd = 123456, mysql_db = yundisk
[2020-06-05 19:06:35]--[src_cgi/login_cgi.c:161]--redis:[ip=127.0.0.1,port=6379]
[2020-06-05 19:06:35]--[src_cgi/login_cgi.c:185]--tmp = yutianyu512616143181
[2020-06-05 19:06:35]--[src_cgi/login_cgi.c:201]--base64 = ovo7BjfFPB8gKWx2RBEe1gm7mt4Y5gUW
[2020-06-05 19:06:35]--[src_cgi/login_cgi.c:303]--token = 84d083a239054f5786e597ac8ab91a5d
[2020-06-05 19:06:50]--[src_cgi/login_cgi.c:288]--buf = {
    "pwd": "fb3336fca8851437f980e83045e75749",
    "user": "yutianyu"
}

[2020-06-05 19:06:50]--[src_cgi/login_cgi.c:294]--user = yutianyu, pwd = fb3336fca8851437f980e83045e75749
[2020-06-05 19:06:50]--[src_cgi/login_cgi.c:101]--mysql_user = root, mysql_pwd = 123456, mysql_db = yundisk
[2020-06-05 19:06:50]--[src_cgi/login_cgi.c:161]--redis:[ip=127.0.0.1,port=6379]
[2020-06-05 19:06:50]--[src_cgi/login_cgi.c:185]--tmp = yutianyu87112957555
[2020-06-05 19:06:50]--[src_cgi/login_cgi.c:201]--base64 = ovo7BjfFPB+frtDNUplscXaQFJtDGYFx
[2020-06-05 19:06:50]--[src_cgi/login_cgi.c:303]--token = 163fb65aff5aca500957a20fa588c120
[2020-06-05 19:07:08]--[src_cgi/login_cgi.c:288]--buf = {
    "pwd": "fb3336fca8851437f980e83045e75749",
    "user": "yutianyu"
}

[2020-06-05 19:07:08]--[src_cgi/login_cgi.c:294]--user = yutianyu, pwd = fb3336fca8851437f980e83045e75749
[2020-06-05 19:07:08]--[src_cgi/login_cgi.c:101]--mysql_user = root, mysql_pwd = 123456, mysql_db = yundisk
[2020-06-05 19:07:08]--[src_cgi/login_cgi.c:161]--redis:[ip=127.0.0.1,port=6379]
[2020-06-05 19:07:08]--[src_cgi/login_cgi.c:185]--tmp = yutianyu983784614215
[2020-06-05 19:07:08]--[src_cgi/login_cgi.c:201]--base64 = ovo7BjfFPB84zTsvILPxkH+XGRpCCGEJ
[2020-06-05 19:07:08]--[src_cgi/login_cgi.c:303]--token = 3bfc4c74ef217737b00b47219654bd6a
[2020-06-05 19:13:21]--[src_cgi/login_cgi.c:288]--buf = {
    "pwd": "fb3336fca8851437f980e83045e75749",
    "user": "tianyu"
}

[2020-06-05 19:13:21]--[src_cgi/login_cgi.c:294]--user = tianyu, pwd = fb3336fca8851437f980e83045e75749
[2020-06-05 19:13:21]--[src_cgi/login_cgi.c:101]--mysql_user = root, mysql_pwd = 123456, mysql_db = yundisk
[2020-06-05 19:13:21]--[src_cgi/login_cgi.c:161]--redis:[ip=127.0.0.1,port=6379]
[2020-06-05 19:13:21]--[src_cgi/login_cgi.c:185]--tmp = tianyu26302579723
[2020-06-05 19:13:21]--[src_cgi/login_cgi.c:201]--base64 = kzo2GpQUP4czwbtggpOj0q7DEUAkWTSv
[2020-06-05 19:13:21]--[src_cgi/login_cgi.c:303]--token = 482f05c66ac991c39dd32a4769bbdc11
[2020-06-05 19:14:01]--[src_cgi/login_cgi.c:288]--buf = {
    "pwd": "fb3336fca8851437f980e83045e75749",
    "user": "tianyu"
}

[2020-06-05 19:14:01]--[src_cgi/login_cgi.c:294]--user = tianyu, pwd = fb3336fca8851437f980e83045e75749
[2020-06-05 19:14:01]--[src_cgi/login_cgi.c:101]--mysql_user = root, mysql_pwd = 123456, mysql_db = yundisk
[2020-06-05 19:14:01]--[src_cgi/login_cgi.c:161]--redis:[ip=127.0.0.1,port=6379]
[2020-06-05 19:14:01]--[src_cgi/login_cgi.c:185]--tmp = tianyu428483559654
[2020-06-05 19:14:01]--[src_cgi/login_cgi.c:201]--base64 = 0esdMrnsnWAmOvgOhGPUyzPWXvuusOz5
[2020-06-05 19:14:01]--[src_cgi/login_cgi.c:303]--token = d416106b5c9597b87101d146d714b92c
[2020-06-05 19:31:59]--[src_cgi/login_cgi.c:288]--buf = {
    "pwd": "fb3336fca8851437f980e83045e75749",
    "user": "tianyu"
}

[2020-06-05 19:31:59]--[src_cgi/login_cgi.c:294]--user = tianyu, pwd = fb3336fca8851437f980e83045e75749
[2020-06-05 19:31:59]--[src_cgi/login_cgi.c:101]--mysql_user = root, mysql_pwd = 123456, mysql_db = yundisk
[2020-06-05 19:31:59]--[src_cgi/login_cgi.c:161]--redis:[ip=127.0.0.1,port=6379]
[2020-06-05 19:31:59]--[src_cgi/login_cgi.c:185]--tmp = tianyu39510815533
[2020-06-05 19:31:59]--[src_cgi/login_cgi.c:201]--base64 = OvzaIysqgas8UuEuOYMI767DEUAkWTSv
[2020-06-05 19:31:59]--[src_cgi/login_cgi.c:303]--token = daf0aecb818f7f6e4292a6d4e4f3468e
[2020-06-05 19:34:56]--[src_cgi/login_cgi.c:288]--buf = {
    "pwd": "fb3336fca8851437f980e83045e75749",
    "user": "tianyu"
}

[2020-06-05 19:34:56]--[src_cgi/login_cgi.c:294]--user = tianyu, pwd = fb3336fca8851437f980e83045e75749
[2020-06-05 19:34:56]--[src_cgi/login_cgi.c:101]--mysql_user = root, mysql_pwd = 123456, mysql_db = yundisk
[2020-06-05 19:34:56]--[src_cgi/login_cgi.c:161]--redis:[ip=127.0.0.1,port=6379]
[2020-06-05 19:34:56]--[src_cgi/login_cgi.c:185]--tmp = tianyu31869289796
[2020-06-05 19:34:56]--[src_cgi/login_cgi.c:201]--base64 = TwD/o20MXFm/hfTzT8HBVOwb1egIr+tu
[2020-06-05 19:34:56]--[src_cgi/login_cgi.c:303]--token = 3d50d5fe95462707b2acdedd430d199c
[2020-06-05 20:35:00]--[src_cgi/login_cgi.c:288]--buf = {
    "pwd": "fb3336fca8851437f980e83045e75749",
    "user": "tianyu"
}

[2020-06-05 20:35:00]--[src_cgi/login_cgi.c:294]--user = tianyu, pwd = fb3336fca8851437f980e83045e75749
[2020-06-05 20:35:00]--[src_cgi/login_cgi.c:101]--mysql_user = root, mysql_pwd = 123456, mysql_db = yundisk
[2020-06-05 20:35:00]--[src_cgi/login_cgi.c:161]--redis:[ip=127.0.0.1,port=6379]
[2020-06-05 20:35:00]--[src_cgi/login_cgi.c:185]--tmp = tianyu528909185298
[2020-06-05 20:35:00]--[src_cgi/login_cgi.c:201]--base64 = nzVdLPZQ5EReHwP9+OKb3xk0r5VUlH3Q
[2020-06-05 20:35:00]--[src_cgi/login_cgi.c:303]--token = 944254fdf022a67768b0ca60ed3bfe75
[2020-06-05 20:35:19]--[src_cgi/login_cgi.c:288]--buf = {
    "pwd": "fb3336fca8851437f980e83045e75749",
    "user": "tianyu"
}

[2020-06-05 20:35:19]--[src_cgi/login_cgi.c:294]--user = tianyu, pwd = fb3336fca8851437f980e83045e75749
[2020-06-05 20:35:19]--[src_cgi/login_cgi.c:101]--mysql_user = root, mysql_pwd = 123456, mysql_db = yundisk
[2020-06-05 20:35:19]--[src_cgi/login_cgi.c:161]--redis:[ip=127.0.0.1,port=6379]
[2020-06-05 20:35:19]--[src_cgi/login_cgi.c:185]--tmp = tianyu22645933140
[2020-06-05 20:35:19]--[src_cgi/login_cgi.c:201]--base64 = Fv+defNYfYP/6FgpDfGa1LN71Jkkp7xg
[2020-06-05 20:35:19]--[src_cgi/login_cgi.c:303]--token = d744b8d7ecc1a2b86c7a617cd28c2f38
[2020-06-05 20:36:18]--[src_cgi/login_cgi.c:288]--buf = {
    "pwd": "fb3336fca8851437f980e83045e75749",
    "user": "tianyu"
}

[2020-06-05 20:36:18]--[src_cgi/login_cgi.c:294]--user = tianyu, pwd = fb3336fca8851437f980e83045e75749
[2020-06-05 20:36:18]--[src_cgi/login_cgi.c:101]--mysql_user = root, mysql_pwd = 123456, mysql_db = yundisk
[2020-06-05 20:36:18]--[src_cgi/login_cgi.c:161]--redis:[ip=127.0.0.1,port=6379]
[2020-06-05 20:36:18]--[src_cgi/login_cgi.c:185]--tmp = tianyu842443542606
[2020-06-05 20:36:18]--[src_cgi/login_cgi.c:201]--base64 = mQOa51BvgH3kIb1JmbxjxrvAS46XSQIK
[2020-06-05 20:36:18]--[src_cgi/login_cgi.c:303]--token = aabf7b7a36236d541760694d76da0fb9
[2020-06-05 20:36:30]--[src_cgi/login_cgi.c:288]--buf = {
    "pwd": "fb3336fca8851437f980e83045e75749",
    "user": "tianyu"
}

[2020-06-05 20:36:30]--[src_cgi/login_cgi.c:294]--user = tianyu, pwd = fb3336fca8851437f980e83045e75749
[2020-06-05 20:36:30]--[src_cgi/login_cgi.c:101]--mysql_user = root, mysql_pwd = 123456, mysql_db = yundisk
[2020-06-05 20:36:30]--[src_cgi/login_cgi.c:161]--redis:[ip=127.0.0.1,port=6379]
[2020-06-05 20:36:30]--[src_cgi/login_cgi.c:185]--tmp = tianyu119661997562
[2020-06-05 20:36:30]--[src_cgi/login_cgi.c:201]--base64 = wz48vtEpk+++CFOG9A37cp1gqzf3F1ik
[2020-06-05 20:36:30]--[src_cgi/login_cgi.c:303]--token = cd642ed7407a01a564c2d6c01eb3aa04
[2020-06-05 20:37:49]--[src_cgi/login_cgi.c:288]--buf = {
    "pwd": "fb3336fca8851437f980e83045e75749",
    "user": "tianyu"
}

[2020-06-05 20:37:49]--[src_cgi/login_cgi.c:294]--user = tianyu, pwd = fb3336fca8851437f980e83045e75749
[2020-06-05 20:37:49]--[src_cgi/login_cgi.c:101]--mysql_user = root, mysql_pwd = 123456, mysql_db = yundisk
[2020-06-05 20:37:49]--[src_cgi/login_cgi.c:161]--redis:[ip=127.0.0.1,port=6379]
[2020-06-05 20:37:49]--[src_cgi/login_cgi.c:185]--tmp = tianyu848275323364
[2020-06-05 20:37:49]--[src_cgi/login_cgi.c:201]--base64 = mQOa51BvgH0rZbU/V5JBK03NEKarPBQg
[2020-06-05 20:37:49]--[src_cgi/login_cgi.c:303]--token = 4cd4d7dd80309a0e2ab41360dea1d16e
[2020-06-05 20:53:32]--[src_cgi/login_cgi.c:288]--buf = {
    "pwd": "fb3336fca8851437f980e83045e75749",
    "user": "tianyu"
}

[2020-06-05 20:53:32]--[src_cgi/login_cgi.c:294]--user = tianyu, pwd = fb3336fca8851437f980e83045e75749
[2020-06-05 20:53:32]--[src_cgi/login_cgi.c:101]--mysql_user = root, mysql_pwd = 123456, mysql_db = yundisk
[2020-06-05 20:53:32]--[src_cgi/login_cgi.c:161]--redis:[ip=127.0.0.1,port=6379]
[2020-06-05 20:53:32]--[src_cgi/login_cgi.c:185]--tmp = tianyu905462579849
[2020-06-05 20:53:32]--[src_cgi/login_cgi.c:201]--base64 = YHBm0tE3PKrIWEQ7uorHxUV535mdI98+
[2020-06-05 20:53:32]--[src_cgi/login_cgi.c:303]--token = e2b3522e6f776d72aa11c46e4bac387d
