[2020-06-08 14:36:48]--[src_cgi/md5_cgi.c:40]--mysql:[user=root,pwd=123456,database=yundisk][2020-06-08 14:37:50]--[src_cgi/md5_cgi.c:339]--buf = {
    "fileName": "1c593113487f6ef42f0f78624a3199d.jpg",
    "md5": "fe66efd7c462faabcd1d298bc0f4bb46",
    "token": "203344fc1049aed9089701a7167a6cb1",
    "user": "tianyu"
}

[2020-06-08 14:37:50]--[src_cgi/md5_cgi.c:361]--user = tianyu, token = 203344fc1049aed9089701a7167a6cb1, md5 = fe66efd7c462faabcd1d298bc0f4bb46, filename = 1c593113487f6ef42f0f78624a3199d.jpg
[2020-06-08 14:42:26]--[src_cgi/md5_cgi.c:339]--buf = {
    "fileName": "ui_buttongroup.h",
    "md5": "7526fcead4ef24036b5845f9b9e9ef9d",
    "token": "86512f9761c22512dd905927471df4b0",
    "user": "tianyu"
}

[2020-06-08 14:42:26]--[src_cgi/md5_cgi.c:361]--user = tianyu, token = 86512f9761c22512dd905927471df4b0, md5 = 7526fcead4ef24036b5845f9b9e9ef9d, filename = ui_buttongroup.h
[2020-06-08 14:45:53]--[src_cgi/md5_cgi.c:339]--buf = {
    "fileName": "1c593113487f6ef42f0f78624a3199d.jpg",
    "md5": "fe66efd7c462faabcd1d298bc0f4bb46",
    "token": "652f6cf348bc9ed47ea5ef3c9f97c186",
    "user": "yutianyu"
}

[2020-06-08 14:45:53]--[src_cgi/md5_cgi.c:361]--user = yutianyu, token = 652f6cf348bc9ed47ea5ef3c9f97c186, md5 = fe66efd7c462faabcd1d298bc0f4bb46, filename = 1c593113487f6ef42f0f78624a3199d.jpg
[2020-06-08 14:45:53]--[src_cgi/md5_cgi.c:339]--buf = {
    "fileName": "62abff01106081a56ea7b2e3a566a39.jpg",
    "md5": "ca14c1be9303ba22f4d564902a7565a2",
    "token": "652f6cf348bc9ed47ea5ef3c9f97c186",
    "user": "yutianyu"
}

[2020-06-08 14:45:53]--[src_cgi/md5_cgi.c:361]--user = yutianyu, token = 652f6cf348bc9ed47ea5ef3c9f97c186, md5 = ca14c1be9303ba22f4d564902a7565a2, filename = 62abff01106081a56ea7b2e3a566a39.jpg
[2020-06-08 16:09:40]--[src_cgi/md5_cgi.c:339]--buf = {
    "fileName": "C++基础.docx",
    "md5": "4524c781fc78ff3c20a1f3fcfeb24189",
    "token": "c02e3b30ebe7d6866446db2b3d7dc9aa",
    "user": "tianyu"
}

[2020-06-08 16:09:40]--[src_cgi/md5_cgi.c:361]--user = tianyu, token = c02e3b30ebe7d6866446db2b3d7dc9aa, md5 = 4524c781fc78ff3c20a1f3fcfeb24189, filename = C++基础.docx
[2020-06-08 16:13:33]--[src_cgi/md5_cgi.c:40]--mysql:[user=root,pwd=123456,database=yundisk][2020-06-08 16:14:01]--[src_cgi/md5_cgi.c:339]--buf = {
    "fileName": "C++基础.docx",
    "md5": "4524c781fc78ff3c20a1f3fcfeb24189",
    "token": "3e61639dfd31b0bbcfc0c5e9ee189b32",
    "user": "tianyu"
}

[2020-06-08 16:14:01]--[src_cgi/md5_cgi.c:361]--user = tianyu, token = 3e61639dfd31b0bbcfc0c5e9ee189b32, md5 = 4524c781fc78ff3c20a1f3fcfeb24189, filename = C++基础.docx
[2020-06-08 16:18:23]--[src_cgi/md5_cgi.c:339]--buf = {
    "fileName": "C++基础.docx",
    "md5": "4524c781fc78ff3c20a1f3fcfeb24189",
    "token": "2d9f51909570f0804a73678eb8cb08ca",
    "user": "tianyu"
}

[2020-06-08 16:18:23]--[src_cgi/md5_cgi.c:361]--user = tianyu, token = 2d9f51909570f0804a73678eb8cb08ca, md5 = 4524c781fc78ff3c20a1f3fcfeb24189, filename = C++基础.docx
