[2020-06-06 10:55:13]--[src_cgi/md5_cgi.c:339]--buf = {
    "fileName": "C++基础.docx",
    "md5": "4524c781fc78ff3c20a1f3fcfeb24189",
    "token": "db9c91575d05c5bfbf439e0ac3ede48c",
    "user": "tianyu"
}

[2020-06-06 10:55:13]--[src_cgi/md5_cgi.c:361]--user = tianyu, token = db9c91575d05c5bfbf439e0ac3ede48c, md5 = 4524c781fc78ff3c20a1f3fcfeb24189, filename = C++基础.docx
[2020-06-06 10:56:10]--[src_cgi/md5_cgi.c:40]--mysql:[user=root,pwd=123456,database=yundisk][2020-06-06 10:56:45]--[src_cgi/md5_cgi.c:339]--buf = {
    "fileName": "C++基础.docx",
    "md5": "4524c781fc78ff3c20a1f3fcfeb24189",
    "token": "c6126c6303d062c6f6eab19ae60d2efd",
    "user": "tianyu"
}

[2020-06-06 10:56:45]--[src_cgi/md5_cgi.c:361]--user = tianyu, token = c6126c6303d062c6f6eab19ae60d2efd, md5 = 4524c781fc78ff3c20a1f3fcfeb24189, filename = C++基础.docx
[2020-06-06 10:59:12]--[src_cgi/md5_cgi.c:339]--buf = {
    "fileName": "ui_buttongroup.h",
    "md5": "7526fcead4ef24036b5845f9b9e9ef9d",
    "token": "b59d81ee3006b7d4dc78f536e240ae34",
    "user": "tianyu"
}

[2020-06-06 10:59:12]--[src_cgi/md5_cgi.c:361]--user = tianyu, token = b59d81ee3006b7d4dc78f536e240ae34, md5 = 7526fcead4ef24036b5845f9b9e9ef9d, filename = ui_buttongroup.h
[2020-06-06 16:24:32]--[src_cgi/md5_cgi.c:40]--mysql:[user=root,pwd=123456,database=yundisk]