[2020-06-05 18:59:29]--[src_cgi/md5_cgi.c:40]--mysql:[user=root,pwd=123456,database=yundisk][2020-06-05 19:06:07]--[src_cgi/md5_cgi.c:40]--mysql:[user=root,pwd=123456,database=yundisk][2020-06-05 19:07:40]--[src_cgi/md5_cgi.c:339]--buf = {
    "fileName": "ui_buttongroup.h",
    "md5": "c2058ebd5460d60c757e0be6f45f28d8",
    "token": "3bfc4c74ef217737b00b47219654bd6a",
    "user": "yutianyu"
}

[2020-06-05 19:07:40]--[src_cgi/md5_cgi.c:361]--user = yutianyu, token = 3bfc4c74ef217737b00b47219654bd6a, md5 = c2058ebd5460d60c757e0be6f45f28d8, filename = ui_buttongroup.h
[2020-06-05 19:07:55]--[src_cgi/md5_cgi.c:339]--buf = {
    "fileName": "ui_sharelist.h",
    "md5": "53337d2e70212a8fe27ca69e923d048d",
    "token": "3bfc4c74ef217737b00b47219654bd6a",
    "user": "yutianyu"
}

[2020-06-05 19:07:55]--[src_cgi/md5_cgi.c:361]--user = yutianyu, token = 3bfc4c74ef217737b00b47219654bd6a, md5 = 53337d2e70212a8fe27ca69e923d048d, filename = ui_sharelist.h
[2020-06-05 19:13:51]--[src_cgi/md5_cgi.c:339]--buf = {
    "fileName": "C基础.doc",
    "md5": "9f6961a01b43188d33c44cdb8302a383",
    "token": "482f05c66ac991c39dd32a4769bbdc11",
    "user": "tianyu"
}

[2020-06-05 19:13:51]--[src_cgi/md5_cgi.c:361]--user = tianyu, token = 482f05c66ac991c39dd32a4769bbdc11, md5 = 9f6961a01b43188d33c44cdb8302a383, filename = C基础.doc
[2020-06-05 19:29:09]--[src_cgi/md5_cgi.c:339]--buf = {
    "fileName": "C++基础.docx",
    "md5": "4524c781fc78ff3c20a1f3fcfeb24189",
    "token": "d416106b5c9597b87101d146d714b92c",
    "user": "tianyu"
}

[2020-06-05 19:29:09]--[src_cgi/md5_cgi.c:361]--user = tianyu, token = d416106b5c9597b87101d146d714b92c, md5 = 4524c781fc78ff3c20a1f3fcfeb24189, filename = C++基础.docx
[2020-06-05 19:35:02]--[src_cgi/md5_cgi.c:339]--buf = {
    "fileName": "ui_login.h",
    "md5": "e14db81d2742df2566067f9215db1015",
    "token": "3d50d5fe95462707b2acdedd430d199c",
    "user": "tianyu"
}

[2020-06-05 19:35:02]--[src_cgi/md5_cgi.c:361]--user = tianyu, token = 3d50d5fe95462707b2acdedd430d199c, md5 = e14db81d2742df2566067f9215db1015, filename = ui_login.h
[2020-06-05 20:37:00]--[src_cgi/md5_cgi.c:339]--buf = {
    "fileName": "ui_buttongroup.h",
    "md5": "7526fcead4ef24036b5845f9b9e9ef9d",
    "token": "cd642ed7407a01a564c2d6c01eb3aa04",
    "user": "tianyu"
}

[2020-06-05 20:37:00]--[src_cgi/md5_cgi.c:361]--user = tianyu, token = cd642ed7407a01a564c2d6c01eb3aa04, md5 = 7526fcead4ef24036b5845f9b9e9ef9d, filename = ui_buttongroup.h
[2020-06-05 20:53:46]--[src_cgi/md5_cgi.c:339]--buf = {
    "fileName": "1.docx",
    "md5": "d41d8cd98f00b204e9800998ecf8427e",
    "token": "e2b3522e6f776d72aa11c46e4bac387d",
    "user": "tianyu"
}

[2020-06-05 20:53:46]--[src_cgi/md5_cgi.c:361]--user = tianyu, token = e2b3522e6f776d72aa11c46e4bac387d, md5 = d41d8cd98f00b204e9800998ecf8427e, filename = 1.docx
