[2020-06-09 10:42:06]--[src_cgi/myfiles_cgi.c:40]--mysql:[user=root,pwd=123456,database=yundisk][2020-06-09 16:19:25]--[src_cgi/myfiles_cgi.c:496]--cmd = count
[2020-06-09 16:19:25]--[src_cgi/myfiles_cgi.c:528]--buf = {
    "token": "9a5c95659fdc0bd86fbf536ffb6ba246",
    "user": "tianyu"
}

[2020-06-09 16:19:25]--[src_cgi/myfiles_cgi.c:176]--line = 2
[2020-06-09 16:19:25]--[src_cgi/myfiles_cgi.c:496]--cmd = normal
[2020-06-09 16:19:25]--[src_cgi/myfiles_cgi.c:528]--buf = {
    "count": 2,
    "start": 0,
    "token": "9a5c95659fdc0bd86fbf536ffb6ba246",
    "user": "tianyu"
}

[2020-06-09 16:19:25]--[src_cgi/myfiles_cgi.c:548]--user = tianyu, token = 9a5c95659fdc0bd86fbf536ffb6ba246, start = 0, count = 2
[2020-06-09 16:19:25]--[src_cgi/myfiles_cgi.c:306]--select user_file_list.*, file_info.url, file_info.size, file_info.type from file_info, user_file_list where user = 'tianyu' and file_info.md5 = user_file_list.md5 limit 0, 2 在操作
[2020-06-09 16:19:25]--[src_cgi/myfiles_cgi.c:428]--{
	"files":	[{
			"user":	"tianyu",
			"md5":	"7526fcead4ef24036b5845f9b9e9ef9d",
			"time":	"2020-06-08 14:42:26",
			"filename":	"ui_buttongroup.h",
			"share_status":	1,
			"pv":	0,
			"url":	"http://192.168.142.239:80/group1/M00/00/00/wKiO717d3dKATx9bAAAlJ47bpbQ77602.h",
			"size":	9511,
			"type":	"h"
		}, {
			"user":	"tianyu",
			"md5":	"4524c781fc78ff3c20a1f3fcfeb24189",
			"time":	"2020-06-08 16:18:23",
			"filename":	"C++基础.docx",
			"share_status":	0,
			"pv":	0,
			"url":	"http://192.168.142.239:80/group1/M00/00/00/wKiO717d9E-AKo8TAEEUGJHtxgM50.docx",
			"size":	4264984,
			"type":	"docx"
		}]
}
[2020-06-09 21:00:16]--[src_cgi/myfiles_cgi.c:496]--cmd = count
[2020-06-09 21:00:16]--[src_cgi/myfiles_cgi.c:528]--buf = {
    "token": "fcf65b2fc9c0b3b710f3bbdd41557a81",
    "user": "tianyu"
}

[2020-06-09 21:00:16]--[src_cgi/myfiles_cgi.c:176]--line = 2
[2020-06-09 21:00:16]--[src_cgi/myfiles_cgi.c:496]--cmd = normal
[2020-06-09 21:00:16]--[src_cgi/myfiles_cgi.c:528]--buf = {
    "count": 2,
    "start": 0,
    "token": "fcf65b2fc9c0b3b710f3bbdd41557a81",
    "user": "tianyu"
}

[2020-06-09 21:00:16]--[src_cgi/myfiles_cgi.c:548]--user = tianyu, token = fcf65b2fc9c0b3b710f3bbdd41557a81, start = 0, count = 2
[2020-06-09 21:00:16]--[src_cgi/myfiles_cgi.c:306]--select user_file_list.*, file_info.url, file_info.size, file_info.type from file_info, user_file_list where user = 'tianyu' and file_info.md5 = user_file_list.md5 limit 0, 2 在操作
[2020-06-09 21:00:16]--[src_cgi/myfiles_cgi.c:428]--{
	"files":	[{
			"user":	"tianyu",
			"md5":	"7526fcead4ef24036b5845f9b9e9ef9d",
			"time":	"2020-06-08 14:42:26",
			"filename":	"ui_buttongroup.h",
			"share_status":	1,
			"pv":	0,
			"url":	"http://192.168.142.239:80/group1/M00/00/00/wKiO717d3dKATx9bAAAlJ47bpbQ77602.h",
			"size":	9511,
			"type":	"h"
		}, {
			"user":	"tianyu",
			"md5":	"4524c781fc78ff3c20a1f3fcfeb24189",
			"time":	"2020-06-08 16:18:23",
			"filename":	"C++基础.docx",
			"share_status":	0,
			"pv":	0,
			"url":	"http://192.168.142.239:80/group1/M00/00/00/wKiO717d9E-AKo8TAEEUGJHtxgM50.docx",
			"size":	4264984,
			"type":	"docx"
		}]
}
[2020-06-09 21:00:24]--[src_cgi/myfiles_cgi.c:496]--cmd = count
[2020-06-09 21:00:24]--[src_cgi/myfiles_cgi.c:528]--buf = {
    "token": "fcf65b2fc9c0b3b710f3bbdd41557a81",
    "user": "tianyu"
}

[2020-06-09 21:00:24]--[src_cgi/myfiles_cgi.c:176]--line = 2
[2020-06-09 21:00:24]--[src_cgi/myfiles_cgi.c:496]--cmd = normal
[2020-06-09 21:00:24]--[src_cgi/myfiles_cgi.c:528]--buf = {
    "count": 2,
    "start": 0,
    "token": "fcf65b2fc9c0b3b710f3bbdd41557a81",
    "user": "tianyu"
}

[2020-06-09 21:00:24]--[src_cgi/myfiles_cgi.c:548]--user = tianyu, token = fcf65b2fc9c0b3b710f3bbdd41557a81, start = 0, count = 2
[2020-06-09 21:00:24]--[src_cgi/myfiles_cgi.c:306]--select user_file_list.*, file_info.url, file_info.size, file_info.type from file_info, user_file_list where user = 'tianyu' and file_info.md5 = user_file_list.md5 limit 0, 2 在操作
[2020-06-09 21:00:24]--[src_cgi/myfiles_cgi.c:428]--{
	"files":	[{
			"user":	"tianyu",
			"md5":	"7526fcead4ef24036b5845f9b9e9ef9d",
			"time":	"2020-06-08 14:42:26",
			"filename":	"ui_buttongroup.h",
			"share_status":	1,
			"pv":	0,
			"url":	"http://192.168.142.239:80/group1/M00/00/00/wKiO717d3dKATx9bAAAlJ47bpbQ77602.h",
			"size":	9511,
			"type":	"h"
		}, {
			"user":	"tianyu",
			"md5":	"4524c781fc78ff3c20a1f3fcfeb24189",
			"time":	"2020-06-08 16:18:23",
			"filename":	"C++基础.docx",
			"share_status":	0,
			"pv":	0,
			"url":	"http://192.168.142.239:80/group1/M00/00/00/wKiO717d9E-AKo8TAEEUGJHtxgM50.docx",
			"size":	4264984,
			"type":	"docx"
		}]
}
[2020-06-09 21:58:06]--[src_cgi/myfiles_cgi.c:496]--cmd = count
[2020-06-09 21:58:06]--[src_cgi/myfiles_cgi.c:528]--buf = {
    "token": "fcf65b2fc9c0b3b710f3bbdd41557a81",
    "user": "tianyu"
}

[2020-06-09 21:58:06]--[src_cgi/myfiles_cgi.c:176]--line = 2
[2020-06-09 21:58:06]--[src_cgi/myfiles_cgi.c:496]--cmd = normal
[2020-06-09 21:58:06]--[src_cgi/myfiles_cgi.c:528]--buf = {
    "count": 2,
    "start": 0,
    "token": "fcf65b2fc9c0b3b710f3bbdd41557a81",
    "user": "tianyu"
}

[2020-06-09 21:58:06]--[src_cgi/myfiles_cgi.c:548]--user = tianyu, token = fcf65b2fc9c0b3b710f3bbdd41557a81, start = 0, count = 2
[2020-06-09 21:58:06]--[src_cgi/myfiles_cgi.c:306]--select user_file_list.*, file_info.url, file_info.size, file_info.type from file_info, user_file_list where user = 'tianyu' and file_info.md5 = user_file_list.md5 limit 0, 2 在操作
[2020-06-09 21:58:06]--[src_cgi/myfiles_cgi.c:428]--{
	"files":	[{
			"user":	"tianyu",
			"md5":	"7526fcead4ef24036b5845f9b9e9ef9d",
			"time":	"2020-06-08 14:42:26",
			"filename":	"ui_buttongroup.h",
			"share_status":	1,
			"pv":	0,
			"url":	"http://192.168.142.239:80/group1/M00/00/00/wKiO717d3dKATx9bAAAlJ47bpbQ77602.h",
			"size":	9511,
			"type":	"h"
		}, {
			"user":	"tianyu",
			"md5":	"4524c781fc78ff3c20a1f3fcfeb24189",
			"time":	"2020-06-08 16:18:23",
			"filename":	"C++基础.docx",
			"share_status":	0,
			"pv":	0,
			"url":	"http://192.168.142.239:80/group1/M00/00/00/wKiO717d9E-AKo8TAEEUGJHtxgM50.docx",
			"size":	4264984,
			"type":	"docx"
		}]
}
[2020-06-09 22:22:05]--[src_cgi/myfiles_cgi.c:496]--cmd = count
[2020-06-09 22:22:05]--[src_cgi/myfiles_cgi.c:528]--buf = {
    "token": "fcf65b2fc9c0b3b710f3bbdd41557a81",
    "user": "tianyu"
}

[2020-06-09 22:22:05]--[src_cgi/myfiles_cgi.c:176]--line = 2
[2020-06-09 22:22:05]--[src_cgi/myfiles_cgi.c:496]--cmd = normal
[2020-06-09 22:22:05]--[src_cgi/myfiles_cgi.c:528]--buf = {
    "count": 2,
    "start": 0,
    "token": "fcf65b2fc9c0b3b710f3bbdd41557a81",
    "user": "tianyu"
}

[2020-06-09 22:22:05]--[src_cgi/myfiles_cgi.c:548]--user = tianyu, token = fcf65b2fc9c0b3b710f3bbdd41557a81, start = 0, count = 2
[2020-06-09 22:22:05]--[src_cgi/myfiles_cgi.c:306]--select user_file_list.*, file_info.url, file_info.size, file_info.type from file_info, user_file_list where user = 'tianyu' and file_info.md5 = user_file_list.md5 limit 0, 2 在操作
[2020-06-09 22:22:05]--[src_cgi/myfiles_cgi.c:428]--{
	"files":	[{
			"user":	"tianyu",
			"md5":	"7526fcead4ef24036b5845f9b9e9ef9d",
			"time":	"2020-06-08 14:42:26",
			"filename":	"ui_buttongroup.h",
			"share_status":	1,
			"pv":	0,
			"url":	"http://192.168.142.239:80/group1/M00/00/00/wKiO717d3dKATx9bAAAlJ47bpbQ77602.h",
			"size":	9511,
			"type":	"h"
		}, {
			"user":	"tianyu",
			"md5":	"4524c781fc78ff3c20a1f3fcfeb24189",
			"time":	"2020-06-08 16:18:23",
			"filename":	"C++基础.docx",
			"share_status":	0,
			"pv":	0,
			"url":	"http://192.168.142.239:80/group1/M00/00/00/wKiO717d9E-AKo8TAEEUGJHtxgM50.docx",
			"size":	4264984,
			"type":	"docx"
		}]
}
