[2020-06-05 18:59:29]--[src_cgi/myfiles_cgi.c:40]--mysql:[user=root,pwd=123456,database=yundisk][2020-06-05 19:06:07]--[src_cgi/myfiles_cgi.c:40]--mysql:[user=root,pwd=123456,database=yundisk][2020-06-05 19:06:35]--[src_cgi/myfiles_cgi.c:496]--cmd = count
[2020-06-05 19:06:35]--[src_cgi/myfiles_cgi.c:528]--buf = {
    "token": "84d083a239054f5786e597ac8ab91a5d",
    "user": "yutianyu"
}

[2020-06-05 19:06:35]--[src_cgi/myfiles_cgi.c:176]--line = 5
[2020-06-05 19:06:35]--[src_cgi/myfiles_cgi.c:496]--cmd = normal
[2020-06-05 19:06:35]--[src_cgi/myfiles_cgi.c:528]--buf = {
    "count": 5,
    "start": 0,
    "token": "84d083a239054f5786e597ac8ab91a5d",
    "user": "yutianyu"
}

[2020-06-05 19:06:35]--[src_cgi/myfiles_cgi.c:548]--user = yutianyu, token = 84d083a239054f5786e597ac8ab91a5d, start = 0, count = 5
[2020-06-05 19:06:35]--[src_cgi/myfiles_cgi.c:306]--select user_file_list.*, file_info.url, file_info.size, file_info.type from file_info, user_file_list where user = 'yutianyu' and file_info.md5 = user_file_list.md5 limit 0, 5 在操作
[2020-06-05 19:06:35]--[src_cgi/myfiles_cgi.c:428]--{
	"files":	[{
			"user":	"yutianyu",
			"md5":	"1752983da17f70758d1026415797da8c",
			"time":	"2020-05-16 16:52:15",
			"filename":	"echo.c",
			"share_status":	1,
			"pv":	0,
			"url":	"http://192.168.142.228:80/group1/M00/00/00/wKiO5F6_qb-AByvLAAAHT7NSqm066237.c",
			"size":	1871,
			"type":	"c"
		}, {
			"user":	"yutianyu",
			"md5":	"1f3fd001e64d37e63f36273b44e6a5f5",
			"time":	"2020-05-18 17:24:55",
			"filename":	"tile_file.png",
			"share_status":	1,
			"pv":	0,
			"url":	"http://192.168.142.228:80/group1/M00/00/00/wKiO5F7CVGeAOtXKAAArifLG8T8007.png",
			"size":	11145,
			"type":	"png"
		}, {
			"user":	"yutianyu",
			"md5":	"bae488ee63cef72efb6a3f1f311b3743",
			"time":	"2020-05-18 17:24:55",
			"filename":	"tile_hot.png",
			"share_status":	1,
			"pv":	0,
			"url":	"http://192.168.142.228:80/group1/M00/00/00/wKiO5F7CVGeAQB81AAAlCssjFfA315.png",
			"size":	9482,
			"type":	"png"
		}, {
			"user":	"yutianyu",
			"md5":	"a6159d77d7707c292b7a1c8b9fc7fe55",
			"time":	"2020-05-18 17:24:56",
			"filename":	"title_close.png",
			"share_status":	0,
			"pv":	0,
			"url":	"http://192.168.142.228:80/group1/M00/00/00/wKiO5F7CVGiAD3DkAAAO1syDkgc013.png",
			"size":	3798,
			"type":	"png"
		}, {
			"user":	"yutianyu",
			"md5":	"6bd1c9c32cc08b56a0540e93bce303c5",
			"time":	"2020-05-18 17:24:56",
			"filename":	"title_data.png",
			"share_status":	0,
			"pv":	0,
			"url":	"http://192.168.142.228:80/group1/M00/00/00/wKiO5F7CVGiAATsSAAAmRXFnLq0612.png",
			"size":	9797,
			"type":	"png"
		}]
}
[2020-06-05 19:06:50]--[src_cgi/myfiles_cgi.c:496]--cmd = count
[2020-06-05 19:06:50]--[src_cgi/myfiles_cgi.c:528]--buf = {
    "token": "163fb65aff5aca500957a20fa588c120",
    "user": "yutianyu"
}

[2020-06-05 19:06:50]--[src_cgi/myfiles_cgi.c:176]--line = 5
[2020-06-05 19:06:50]--[src_cgi/myfiles_cgi.c:496]--cmd = normal
[2020-06-05 19:06:50]--[src_cgi/myfiles_cgi.c:528]--buf = {
    "count": 5,
    "start": 0,
    "token": "163fb65aff5aca500957a20fa588c120",
    "user": "yutianyu"
}

[2020-06-05 19:06:50]--[src_cgi/myfiles_cgi.c:548]--user = yutianyu, token = 163fb65aff5aca500957a20fa588c120, start = 0, count = 5
[2020-06-05 19:06:50]--[src_cgi/myfiles_cgi.c:306]--select user_file_list.*, file_info.url, file_info.size, file_info.type from file_info, user_file_list where user = 'yutianyu' and file_info.md5 = user_file_list.md5 limit 0, 5 在操作
[2020-06-05 19:06:50]--[src_cgi/myfiles_cgi.c:428]--{
	"files":	[{
			"user":	"yutianyu",
			"md5":	"1752983da17f70758d1026415797da8c",
			"time":	"2020-05-16 16:52:15",
			"filename":	"echo.c",
			"share_status":	1,
			"pv":	0,
			"url":	"http://192.168.142.228:80/group1/M00/00/00/wKiO5F6_qb-AByvLAAAHT7NSqm066237.c",
			"size":	1871,
			"type":	"c"
		}, {
			"user":	"yutianyu",
			"md5":	"1f3fd001e64d37e63f36273b44e6a5f5",
			"time":	"2020-05-18 17:24:55",
			"filename":	"tile_file.png",
			"share_status":	1,
			"pv":	0,
			"url":	"http://192.168.142.228:80/group1/M00/00/00/wKiO5F7CVGeAOtXKAAArifLG8T8007.png",
			"size":	11145,
			"type":	"png"
		}, {
			"user":	"yutianyu",
			"md5":	"bae488ee63cef72efb6a3f1f311b3743",
			"time":	"2020-05-18 17:24:55",
			"filename":	"tile_hot.png",
			"share_status":	1,
			"pv":	0,
			"url":	"http://192.168.142.228:80/group1/M00/00/00/wKiO5F7CVGeAQB81AAAlCssjFfA315.png",
			"size":	9482,
			"type":	"png"
		}, {
			"user":	"yutianyu",
			"md5":	"a6159d77d7707c292b7a1c8b9fc7fe55",
			"time":	"2020-05-18 17:24:56",
			"filename":	"title_close.png",
			"share_status":	0,
			"pv":	0,
			"url":	"http://192.168.142.228:80/group1/M00/00/00/wKiO5F7CVGiAD3DkAAAO1syDkgc013.png",
			"size":	3798,
			"type":	"png"
		}, {
			"user":	"yutianyu",
			"md5":	"6bd1c9c32cc08b56a0540e93bce303c5",
			"time":	"2020-05-18 17:24:56",
			"filename":	"title_data.png",
			"share_status":	0,
			"pv":	0,
			"url":	"http://192.168.142.228:80/group1/M00/00/00/wKiO5F7CVGiAATsSAAAmRXFnLq0612.png",
			"size":	9797,
			"type":	"png"
		}]
}
[2020-06-05 19:07:09]--[src_cgi/myfiles_cgi.c:496]--cmd = count
[2020-06-05 19:07:09]--[src_cgi/myfiles_cgi.c:528]--buf = {
    "token": "3bfc4c74ef217737b00b47219654bd6a",
    "user": "yutianyu"
}

[2020-06-05 19:07:09]--[src_cgi/myfiles_cgi.c:176]--line = 5
[2020-06-05 19:07:09]--[src_cgi/myfiles_cgi.c:496]--cmd = normal
[2020-06-05 19:07:09]--[src_cgi/myfiles_cgi.c:528]--buf = {
    "count": 5,
    "start": 0,
    "token": "3bfc4c74ef217737b00b47219654bd6a",
    "user": "yutianyu"
}

[2020-06-05 19:07:09]--[src_cgi/myfiles_cgi.c:548]--user = yutianyu, token = 3bfc4c74ef217737b00b47219654bd6a, start = 0, count = 5
[2020-06-05 19:07:09]--[src_cgi/myfiles_cgi.c:306]--select user_file_list.*, file_info.url, file_info.size, file_info.type from file_info, user_file_list where user = 'yutianyu' and file_info.md5 = user_file_list.md5 limit 0, 5 在操作
[2020-06-05 19:07:09]--[src_cgi/myfiles_cgi.c:428]--{
	"files":	[{
			"user":	"yutianyu",
			"md5":	"1752983da17f70758d1026415797da8c",
			"time":	"2020-05-16 16:52:15",
			"filename":	"echo.c",
			"share_status":	1,
			"pv":	0,
			"url":	"http://192.168.142.228:80/group1/M00/00/00/wKiO5F6_qb-AByvLAAAHT7NSqm066237.c",
			"size":	1871,
			"type":	"c"
		}, {
			"user":	"yutianyu",
			"md5":	"1f3fd001e64d37e63f36273b44e6a5f5",
			"time":	"2020-05-18 17:24:55",
			"filename":	"tile_file.png",
			"share_status":	1,
			"pv":	0,
			"url":	"http://192.168.142.228:80/group1/M00/00/00/wKiO5F7CVGeAOtXKAAArifLG8T8007.png",
			"size":	11145,
			"type":	"png"
		}, {
			"user":	"yutianyu",
			"md5":	"bae488ee63cef72efb6a3f1f311b3743",
			"time":	"2020-05-18 17:24:55",
			"filename":	"tile_hot.png",
			"share_status":	1,
			"pv":	0,
			"url":	"http://192.168.142.228:80/group1/M00/00/00/wKiO5F7CVGeAQB81AAAlCssjFfA315.png",
			"size":	9482,
			"type":	"png"
		}, {
			"user":	"yutianyu",
			"md5":	"a6159d77d7707c292b7a1c8b9fc7fe55",
			"time":	"2020-05-18 17:24:56",
			"filename":	"title_close.png",
			"share_status":	0,
			"pv":	0,
			"url":	"http://192.168.142.228:80/group1/M00/00/00/wKiO5F7CVGiAD3DkAAAO1syDkgc013.png",
			"size":	3798,
			"type":	"png"
		}, {
			"user":	"yutianyu",
			"md5":	"6bd1c9c32cc08b56a0540e93bce303c5",
			"time":	"2020-05-18 17:24:56",
			"filename":	"title_data.png",
			"share_status":	0,
			"pv":	0,
			"url":	"http://192.168.142.228:80/group1/M00/00/00/wKiO5F7CVGiAATsSAAAmRXFnLq0612.png",
			"size":	9797,
			"type":	"png"
		}]
}
[2020-06-05 19:07:25]--[src_cgi/myfiles_cgi.c:496]--cmd = count
[2020-06-05 19:07:25]--[src_cgi/myfiles_cgi.c:528]--buf = {
    "token": "3bfc4c74ef217737b00b47219654bd6a",
    "user": "yutianyu"
}

[2020-06-05 19:07:25]--[src_cgi/myfiles_cgi.c:176]--line = 5
[2020-06-05 19:07:25]--[src_cgi/myfiles_cgi.c:496]--cmd = normal
[2020-06-05 19:07:25]--[src_cgi/myfiles_cgi.c:528]--buf = {
    "count": 5,
    "start": 0,
    "token": "3bfc4c74ef217737b00b47219654bd6a",
    "user": "yutianyu"
}

[2020-06-05 19:07:25]--[src_cgi/myfiles_cgi.c:548]--user = yutianyu, token = 3bfc4c74ef217737b00b47219654bd6a, start = 0, count = 5
[2020-06-05 19:07:25]--[src_cgi/myfiles_cgi.c:306]--select user_file_list.*, file_info.url, file_info.size, file_info.type from file_info, user_file_list where user = 'yutianyu' and file_info.md5 = user_file_list.md5 limit 0, 5 在操作
[2020-06-05 19:07:25]--[src_cgi/myfiles_cgi.c:428]--{
	"files":	[{
			"user":	"yutianyu",
			"md5":	"1752983da17f70758d1026415797da8c",
			"time":	"2020-05-16 16:52:15",
			"filename":	"echo.c",
			"share_status":	1,
			"pv":	0,
			"url":	"http://192.168.142.228:80/group1/M00/00/00/wKiO5F6_qb-AByvLAAAHT7NSqm066237.c",
			"size":	1871,
			"type":	"c"
		}, {
			"user":	"yutianyu",
			"md5":	"1f3fd001e64d37e63f36273b44e6a5f5",
			"time":	"2020-05-18 17:24:55",
			"filename":	"tile_file.png",
			"share_status":	1,
			"pv":	0,
			"url":	"http://192.168.142.228:80/group1/M00/00/00/wKiO5F7CVGeAOtXKAAArifLG8T8007.png",
			"size":	11145,
			"type":	"png"
		}, {
			"user":	"yutianyu",
			"md5":	"bae488ee63cef72efb6a3f1f311b3743",
			"time":	"2020-05-18 17:24:55",
			"filename":	"tile_hot.png",
			"share_status":	1,
			"pv":	0,
			"url":	"http://192.168.142.228:80/group1/M00/00/00/wKiO5F7CVGeAQB81AAAlCssjFfA315.png",
			"size":	9482,
			"type":	"png"
		}, {
			"user":	"yutianyu",
			"md5":	"a6159d77d7707c292b7a1c8b9fc7fe55",
			"time":	"2020-05-18 17:24:56",
			"filename":	"title_close.png",
			"share_status":	0,
			"pv":	0,
			"url":	"http://192.168.142.228:80/group1/M00/00/00/wKiO5F7CVGiAD3DkAAAO1syDkgc013.png",
			"size":	3798,
			"type":	"png"
		}, {
			"user":	"yutianyu",
			"md5":	"6bd1c9c32cc08b56a0540e93bce303c5",
			"time":	"2020-05-18 17:24:56",
			"filename":	"title_data.png",
			"share_status":	0,
			"pv":	0,
			"url":	"http://192.168.142.228:80/group1/M00/00/00/wKiO5F7CVGiAATsSAAAmRXFnLq0612.png",
			"size":	9797,
			"type":	"png"
		}]
}
[2020-06-05 19:07:34]--[src_cgi/myfiles_cgi.c:496]--cmd = count
[2020-06-05 19:07:34]--[src_cgi/myfiles_cgi.c:528]--buf = {
    "token": "3bfc4c74ef217737b00b47219654bd6a",
    "user": "yutianyu"
}

[2020-06-05 19:07:34]--[src_cgi/myfiles_cgi.c:176]--line = 5
[2020-06-05 19:07:34]--[src_cgi/myfiles_cgi.c:496]--cmd = normal
[2020-06-05 19:07:34]--[src_cgi/myfiles_cgi.c:528]--buf = {
    "count": 5,
    "start": 0,
    "token": "3bfc4c74ef217737b00b47219654bd6a",
    "user": "yutianyu"
}

[2020-06-05 19:07:34]--[src_cgi/myfiles_cgi.c:548]--user = yutianyu, token = 3bfc4c74ef217737b00b47219654bd6a, start = 0, count = 5
[2020-06-05 19:07:34]--[src_cgi/myfiles_cgi.c:306]--select user_file_list.*, file_info.url, file_info.size, file_info.type from file_info, user_file_list where user = 'yutianyu' and file_info.md5 = user_file_list.md5 limit 0, 5 在操作
[2020-06-05 19:07:34]--[src_cgi/myfiles_cgi.c:428]--{
	"files":	[{
			"user":	"yutianyu",
			"md5":	"1752983da17f70758d1026415797da8c",
			"time":	"2020-05-16 16:52:15",
			"filename":	"echo.c",
			"share_status":	1,
			"pv":	0,
			"url":	"http://192.168.142.228:80/group1/M00/00/00/wKiO5F6_qb-AByvLAAAHT7NSqm066237.c",
			"size":	1871,
			"type":	"c"
		}, {
			"user":	"yutianyu",
			"md5":	"1f3fd001e64d37e63f36273b44e6a5f5",
			"time":	"2020-05-18 17:24:55",
			"filename":	"tile_file.png",
			"share_status":	1,
			"pv":	0,
			"url":	"http://192.168.142.228:80/group1/M00/00/00/wKiO5F7CVGeAOtXKAAArifLG8T8007.png",
			"size":	11145,
			"type":	"png"
		}, {
			"user":	"yutianyu",
			"md5":	"bae488ee63cef72efb6a3f1f311b3743",
			"time":	"2020-05-18 17:24:55",
			"filename":	"tile_hot.png",
			"share_status":	1,
			"pv":	0,
			"url":	"http://192.168.142.228:80/group1/M00/00/00/wKiO5F7CVGeAQB81AAAlCssjFfA315.png",
			"size":	9482,
			"type":	"png"
		}, {
			"user":	"yutianyu",
			"md5":	"a6159d77d7707c292b7a1c8b9fc7fe55",
			"time":	"2020-05-18 17:24:56",
			"filename":	"title_close.png",
			"share_status":	0,
			"pv":	0,
			"url":	"http://192.168.142.228:80/group1/M00/00/00/wKiO5F7CVGiAD3DkAAAO1syDkgc013.png",
			"size":	3798,
			"type":	"png"
		}, {
			"user":	"yutianyu",
			"md5":	"6bd1c9c32cc08b56a0540e93bce303c5",
			"time":	"2020-05-18 17:24:56",
			"filename":	"title_data.png",
			"share_status":	0,
			"pv":	0,
			"url":	"http://192.168.142.228:80/group1/M00/00/00/wKiO5F7CVGiAATsSAAAmRXFnLq0612.png",
			"size":	9797,
			"type":	"png"
		}]
}
[2020-06-05 19:07:44]--[src_cgi/myfiles_cgi.c:496]--cmd = count
[2020-06-05 19:07:44]--[src_cgi/myfiles_cgi.c:528]--buf = {
    "token": "3bfc4c74ef217737b00b47219654bd6a",
    "user": "yutianyu"
}

[2020-06-05 19:07:44]--[src_cgi/myfiles_cgi.c:176]--line = 5
[2020-06-05 19:07:44]--[src_cgi/myfiles_cgi.c:496]--cmd = normal
[2020-06-05 19:07:44]--[src_cgi/myfiles_cgi.c:528]--buf = {
    "count": 5,
    "start": 0,
    "token": "3bfc4c74ef217737b00b47219654bd6a",
    "user": "yutianyu"
}

[2020-06-05 19:07:44]--[src_cgi/myfiles_cgi.c:548]--user = yutianyu, token = 3bfc4c74ef217737b00b47219654bd6a, start = 0, count = 5
[2020-06-05 19:07:44]--[src_cgi/myfiles_cgi.c:306]--select user_file_list.*, file_info.url, file_info.size, file_info.type from file_info, user_file_list where user = 'yutianyu' and file_info.md5 = user_file_list.md5 limit 0, 5 在操作
[2020-06-05 19:07:44]--[src_cgi/myfiles_cgi.c:428]--{
	"files":	[{
			"user":	"yutianyu",
			"md5":	"1752983da17f70758d1026415797da8c",
			"time":	"2020-05-16 16:52:15",
			"filename":	"echo.c",
			"share_status":	1,
			"pv":	0,
			"url":	"http://192.168.142.228:80/group1/M00/00/00/wKiO5F6_qb-AByvLAAAHT7NSqm066237.c",
			"size":	1871,
			"type":	"c"
		}, {
			"user":	"yutianyu",
			"md5":	"1f3fd001e64d37e63f36273b44e6a5f5",
			"time":	"2020-05-18 17:24:55",
			"filename":	"tile_file.png",
			"share_status":	1,
			"pv":	0,
			"url":	"http://192.168.142.228:80/group1/M00/00/00/wKiO5F7CVGeAOtXKAAArifLG8T8007.png",
			"size":	11145,
			"type":	"png"
		}, {
			"user":	"yutianyu",
			"md5":	"bae488ee63cef72efb6a3f1f311b3743",
			"time":	"2020-05-18 17:24:55",
			"filename":	"tile_hot.png",
			"share_status":	1,
			"pv":	0,
			"url":	"http://192.168.142.228:80/group1/M00/00/00/wKiO5F7CVGeAQB81AAAlCssjFfA315.png",
			"size":	9482,
			"type":	"png"
		}, {
			"user":	"yutianyu",
			"md5":	"a6159d77d7707c292b7a1c8b9fc7fe55",
			"time":	"2020-05-18 17:24:56",
			"filename":	"title_close.png",
			"share_status":	0,
			"pv":	0,
			"url":	"http://192.168.142.228:80/group1/M00/00/00/wKiO5F7CVGiAD3DkAAAO1syDkgc013.png",
			"size":	3798,
			"type":	"png"
		}, {
			"user":	"yutianyu",
			"md5":	"6bd1c9c32cc08b56a0540e93bce303c5",
			"time":	"2020-05-18 17:24:56",
			"filename":	"title_data.png",
			"share_status":	0,
			"pv":	0,
			"url":	"http://192.168.142.228:80/group1/M00/00/00/wKiO5F7CVGiAATsSAAAmRXFnLq0612.png",
			"size":	9797,
			"type":	"png"
		}]
}
[2020-06-05 19:08:01]--[src_cgi/myfiles_cgi.c:496]--cmd = count
[2020-06-05 19:08:01]--[src_cgi/myfiles_cgi.c:528]--buf = {
    "token": "3bfc4c74ef217737b00b47219654bd6a",
    "user": "yutianyu"
}

[2020-06-05 19:08:01]--[src_cgi/myfiles_cgi.c:176]--line = 5
[2020-06-05 19:08:01]--[src_cgi/myfiles_cgi.c:496]--cmd = normal
[2020-06-05 19:08:01]--[src_cgi/myfiles_cgi.c:528]--buf = {
    "count": 5,
    "start": 0,
    "token": "3bfc4c74ef217737b00b47219654bd6a",
    "user": "yutianyu"
}

[2020-06-05 19:08:01]--[src_cgi/myfiles_cgi.c:548]--user = yutianyu, token = 3bfc4c74ef217737b00b47219654bd6a, start = 0, count = 5
[2020-06-05 19:08:01]--[src_cgi/myfiles_cgi.c:306]--select user_file_list.*, file_info.url, file_info.size, file_info.type from file_info, user_file_list where user = 'yutianyu' and file_info.md5 = user_file_list.md5 limit 0, 5 在操作
[2020-06-05 19:08:01]--[src_cgi/myfiles_cgi.c:428]--{
	"files":	[{
			"user":	"yutianyu",
			"md5":	"1752983da17f70758d1026415797da8c",
			"time":	"2020-05-16 16:52:15",
			"filename":	"echo.c",
			"share_status":	1,
			"pv":	0,
			"url":	"http://192.168.142.228:80/group1/M00/00/00/wKiO5F6_qb-AByvLAAAHT7NSqm066237.c",
			"size":	1871,
			"type":	"c"
		}, {
			"user":	"yutianyu",
			"md5":	"1f3fd001e64d37e63f36273b44e6a5f5",
			"time":	"2020-05-18 17:24:55",
			"filename":	"tile_file.png",
			"share_status":	1,
			"pv":	0,
			"url":	"http://192.168.142.228:80/group1/M00/00/00/wKiO5F7CVGeAOtXKAAArifLG8T8007.png",
			"size":	11145,
			"type":	"png"
		}, {
			"user":	"yutianyu",
			"md5":	"bae488ee63cef72efb6a3f1f311b3743",
			"time":	"2020-05-18 17:24:55",
			"filename":	"tile_hot.png",
			"share_status":	1,
			"pv":	0,
			"url":	"http://192.168.142.228:80/group1/M00/00/00/wKiO5F7CVGeAQB81AAAlCssjFfA315.png",
			"size":	9482,
			"type":	"png"
		}, {
			"user":	"yutianyu",
			"md5":	"a6159d77d7707c292b7a1c8b9fc7fe55",
			"time":	"2020-05-18 17:24:56",
			"filename":	"title_close.png",
			"share_status":	0,
			"pv":	0,
			"url":	"http://192.168.142.228:80/group1/M00/00/00/wKiO5F7CVGiAD3DkAAAO1syDkgc013.png",
			"size":	3798,
			"type":	"png"
		}, {
			"user":	"yutianyu",
			"md5":	"6bd1c9c32cc08b56a0540e93bce303c5",
			"time":	"2020-05-18 17:24:56",
			"filename":	"title_data.png",
			"share_status":	0,
			"pv":	0,
			"url":	"http://192.168.142.228:80/group1/M00/00/00/wKiO5F7CVGiAATsSAAAmRXFnLq0612.png",
			"size":	9797,
			"type":	"png"
		}]
}
[2020-06-05 19:08:04]--[src_cgi/myfiles_cgi.c:496]--cmd = count
[2020-06-05 19:08:04]--[src_cgi/myfiles_cgi.c:528]--buf = {
    "token": "3bfc4c74ef217737b00b47219654bd6a",
    "user": "yutianyu"
}

[2020-06-05 19:08:04]--[src_cgi/myfiles_cgi.c:176]--line = 5
[2020-06-05 19:08:04]--[src_cgi/myfiles_cgi.c:496]--cmd = normal
[2020-06-05 19:08:04]--[src_cgi/myfiles_cgi.c:528]--buf = {
    "count": 5,
    "start": 0,
    "token": "3bfc4c74ef217737b00b47219654bd6a",
    "user": "yutianyu"
}

[2020-06-05 19:08:04]--[src_cgi/myfiles_cgi.c:548]--user = yutianyu, token = 3bfc4c74ef217737b00b47219654bd6a, start = 0, count = 5
[2020-06-05 19:08:04]--[src_cgi/myfiles_cgi.c:306]--select user_file_list.*, file_info.url, file_info.size, file_info.type from file_info, user_file_list where user = 'yutianyu' and file_info.md5 = user_file_list.md5 limit 0, 5 在操作
[2020-06-05 19:08:04]--[src_cgi/myfiles_cgi.c:428]--{
	"files":	[{
			"user":	"yutianyu",
			"md5":	"1752983da17f70758d1026415797da8c",
			"time":	"2020-05-16 16:52:15",
			"filename":	"echo.c",
			"share_status":	1,
			"pv":	0,
			"url":	"http://192.168.142.228:80/group1/M00/00/00/wKiO5F6_qb-AByvLAAAHT7NSqm066237.c",
			"size":	1871,
			"type":	"c"
		}, {
			"user":	"yutianyu",
			"md5":	"1f3fd001e64d37e63f36273b44e6a5f5",
			"time":	"2020-05-18 17:24:55",
			"filename":	"tile_file.png",
			"share_status":	1,
			"pv":	0,
			"url":	"http://192.168.142.228:80/group1/M00/00/00/wKiO5F7CVGeAOtXKAAArifLG8T8007.png",
			"size":	11145,
			"type":	"png"
		}, {
			"user":	"yutianyu",
			"md5":	"bae488ee63cef72efb6a3f1f311b3743",
			"time":	"2020-05-18 17:24:55",
			"filename":	"tile_hot.png",
			"share_status":	1,
			"pv":	0,
			"url":	"http://192.168.142.228:80/group1/M00/00/00/wKiO5F7CVGeAQB81AAAlCssjFfA315.png",
			"size":	9482,
			"type":	"png"
		}, {
			"user":	"yutianyu",
			"md5":	"a6159d77d7707c292b7a1c8b9fc7fe55",
			"time":	"2020-05-18 17:24:56",
			"filename":	"title_close.png",
			"share_status":	0,
			"pv":	0,
			"url":	"http://192.168.142.228:80/group1/M00/00/00/wKiO5F7CVGiAD3DkAAAO1syDkgc013.png",
			"size":	3798,
			"type":	"png"
		}, {
			"user":	"yutianyu",
			"md5":	"6bd1c9c32cc08b56a0540e93bce303c5",
			"time":	"2020-05-18 17:24:56",
			"filename":	"title_data.png",
			"share_status":	0,
			"pv":	0,
			"url":	"http://192.168.142.228:80/group1/M00/00/00/wKiO5F7CVGiAATsSAAAmRXFnLq0612.png",
			"size":	9797,
			"type":	"png"
		}]
}
[2020-06-05 19:08:08]--[src_cgi/myfiles_cgi.c:496]--cmd = count
[2020-06-05 19:08:08]--[src_cgi/myfiles_cgi.c:528]--buf = {
    "token": "3bfc4c74ef217737b00b47219654bd6a",
    "user": "yutianyu"
}

[2020-06-05 19:08:08]--[src_cgi/myfiles_cgi.c:176]--line = 5
[2020-06-05 19:08:08]--[src_cgi/myfiles_cgi.c:496]--cmd = pvasc
[2020-06-05 19:08:08]--[src_cgi/myfiles_cgi.c:528]--buf = {
    "count": 5,
    "start": 0,
    "token": "3bfc4c74ef217737b00b47219654bd6a",
    "user": "yutianyu"
}

[2020-06-05 19:08:08]--[src_cgi/myfiles_cgi.c:548]--user = yutianyu, token = 3bfc4c74ef217737b00b47219654bd6a, start = 0, count = 5
[2020-06-05 19:08:08]--[src_cgi/myfiles_cgi.c:306]--select user_file_list.*, file_info.url, file_info.size, file_info.type from file_info, user_file_list where user = 'yutianyu' and file_info.md5 = user_file_list.md5  order by pv asc limit 0, 5 在操作
[2020-06-05 19:08:08]--[src_cgi/myfiles_cgi.c:428]--{
	"files":	[{
			"user":	"yutianyu",
			"md5":	"1752983da17f70758d1026415797da8c",
			"time":	"2020-05-16 16:52:15",
			"filename":	"echo.c",
			"share_status":	1,
			"pv":	0,
			"url":	"http://192.168.142.228:80/group1/M00/00/00/wKiO5F6_qb-AByvLAAAHT7NSqm066237.c",
			"size":	1871,
			"type":	"c"
		}, {
			"user":	"yutianyu",
			"md5":	"1f3fd001e64d37e63f36273b44e6a5f5",
			"time":	"2020-05-18 17:24:55",
			"filename":	"tile_file.png",
			"share_status":	1,
			"pv":	0,
			"url":	"http://192.168.142.228:80/group1/M00/00/00/wKiO5F7CVGeAOtXKAAArifLG8T8007.png",
			"size":	11145,
			"type":	"png"
		}, {
			"user":	"yutianyu",
			"md5":	"bae488ee63cef72efb6a3f1f311b3743",
			"time":	"2020-05-18 17:24:55",
			"filename":	"tile_hot.png",
			"share_status":	1,
			"pv":	0,
			"url":	"http://192.168.142.228:80/group1/M00/00/00/wKiO5F7CVGeAQB81AAAlCssjFfA315.png",
			"size":	9482,
			"type":	"png"
		}, {
			"user":	"yutianyu",
			"md5":	"a6159d77d7707c292b7a1c8b9fc7fe55",
			"time":	"2020-05-18 17:24:56",
			"filename":	"title_close.png",
			"share_status":	0,
			"pv":	0,
			"url":	"http://192.168.142.228:80/group1/M00/00/00/wKiO5F7CVGiAD3DkAAAO1syDkgc013.png",
			"size":	3798,
			"type":	"png"
		}, {
			"user":	"yutianyu",
			"md5":	"6bd1c9c32cc08b56a0540e93bce303c5",
			"time":	"2020-05-18 17:24:56",
			"filename":	"title_data.png",
			"share_status":	0,
			"pv":	0,
			"url":	"http://192.168.142.228:80/group1/M00/00/00/wKiO5F7CVGiAATsSAAAmRXFnLq0612.png",
			"size":	9797,
			"type":	"png"
		}]
}
[2020-06-05 19:13:21]--[src_cgi/myfiles_cgi.c:496]--cmd = count
[2020-06-05 19:13:21]--[src_cgi/myfiles_cgi.c:528]--buf = {
    "token": "482f05c66ac991c39dd32a4769bbdc11",
    "user": "tianyu"
}

[2020-06-05 19:13:21]--[src_cgi/myfiles_cgi.c:164]--select count from user_file_count where user="tianyu" 操作失败
[2020-06-05 19:13:21]--[src_cgi/myfiles_cgi.c:176]--line = 0
[2020-06-05 19:13:56]--[src_cgi/myfiles_cgi.c:496]--cmd = count
[2020-06-05 19:13:56]--[src_cgi/myfiles_cgi.c:528]--buf = {
    "token": "482f05c66ac991c39dd32a4769bbdc11",
    "user": "tianyu"
}

[2020-06-05 19:13:56]--[src_cgi/myfiles_cgi.c:164]--select count from user_file_count where user="tianyu" 操作失败
[2020-06-05 19:13:56]--[src_cgi/myfiles_cgi.c:176]--line = 0
[2020-06-05 19:14:02]--[src_cgi/myfiles_cgi.c:496]--cmd = count
[2020-06-05 19:14:02]--[src_cgi/myfiles_cgi.c:528]--buf = {
    "token": "d416106b5c9597b87101d146d714b92c",
    "user": "tianyu"
}

[2020-06-05 19:14:02]--[src_cgi/myfiles_cgi.c:164]--select count from user_file_count where user="tianyu" 操作失败
[2020-06-05 19:14:02]--[src_cgi/myfiles_cgi.c:176]--line = 0
[2020-06-05 19:29:01]--[src_cgi/myfiles_cgi.c:496]--cmd = count
[2020-06-05 19:29:01]--[src_cgi/myfiles_cgi.c:528]--buf = {
    "token": "d416106b5c9597b87101d146d714b92c",
    "user": "tianyu"
}

[2020-06-05 19:29:01]--[src_cgi/myfiles_cgi.c:164]--select count from user_file_count where user="tianyu" 操作失败
[2020-06-05 19:29:01]--[src_cgi/myfiles_cgi.c:176]--line = 0
[2020-06-05 19:29:10]--[src_cgi/myfiles_cgi.c:496]--cmd = count
[2020-06-05 19:29:10]--[src_cgi/myfiles_cgi.c:528]--buf = {
    "token": "d416106b5c9597b87101d146d714b92c",
    "user": "tianyu"
}

[2020-06-05 19:29:10]--[src_cgi/myfiles_cgi.c:164]--select count from user_file_count where user="tianyu" 操作失败
[2020-06-05 19:29:10]--[src_cgi/myfiles_cgi.c:176]--line = 0
[2020-06-05 19:29:13]--[src_cgi/myfiles_cgi.c:496]--cmd = count
[2020-06-05 19:29:13]--[src_cgi/myfiles_cgi.c:528]--buf = {
    "token": "d416106b5c9597b87101d146d714b92c",
    "user": "tianyu"
}

[2020-06-05 19:29:13]--[src_cgi/myfiles_cgi.c:164]--select count from user_file_count where user="tianyu" 操作失败
[2020-06-05 19:29:13]--[src_cgi/myfiles_cgi.c:176]--line = 0
[2020-06-05 19:29:54]--[src_cgi/myfiles_cgi.c:496]--cmd = count
[2020-06-05 19:29:54]--[src_cgi/myfiles_cgi.c:528]--buf = {
    "token": "d416106b5c9597b87101d146d714b92c",
    "user": "tianyu"
}

[2020-06-05 19:29:54]--[src_cgi/myfiles_cgi.c:164]--select count from user_file_count where user="tianyu" 操作失败
[2020-06-05 19:29:54]--[src_cgi/myfiles_cgi.c:176]--line = 0
[2020-06-05 19:31:45]--[src_cgi/myfiles_cgi.c:496]--cmd = count
[2020-06-05 19:31:45]--[src_cgi/myfiles_cgi.c:528]--buf = {
    "token": "d416106b5c9597b87101d146d714b92c",
    "user": "tianyu"
}

[2020-06-05 19:31:45]--[src_cgi/myfiles_cgi.c:164]--select count from user_file_count where user="tianyu" 操作失败
[2020-06-05 19:31:45]--[src_cgi/myfiles_cgi.c:176]--line = 0
[2020-06-05 19:31:49]--[src_cgi/myfiles_cgi.c:496]--cmd = count
[2020-06-05 19:31:49]--[src_cgi/myfiles_cgi.c:528]--buf = {
    "token": "d416106b5c9597b87101d146d714b92c",
    "user": "tianyu"
}

[2020-06-05 19:31:49]--[src_cgi/myfiles_cgi.c:164]--select count from user_file_count where user="tianyu" 操作失败
[2020-06-05 19:31:49]--[src_cgi/myfiles_cgi.c:176]--line = 0
[2020-06-05 19:31:59]--[src_cgi/myfiles_cgi.c:496]--cmd = count
[2020-06-05 19:31:59]--[src_cgi/myfiles_cgi.c:528]--buf = {
    "token": "daf0aecb818f7f6e4292a6d4e4f3468e",
    "user": "tianyu"
}

[2020-06-05 19:31:59]--[src_cgi/myfiles_cgi.c:164]--select count from user_file_count where user="tianyu" 操作失败
[2020-06-05 19:31:59]--[src_cgi/myfiles_cgi.c:176]--line = 0
[2020-06-05 19:34:56]--[src_cgi/myfiles_cgi.c:496]--cmd = count
[2020-06-05 19:34:56]--[src_cgi/myfiles_cgi.c:528]--buf = {
    "token": "3d50d5fe95462707b2acdedd430d199c",
    "user": "tianyu"
}

[2020-06-05 19:34:56]--[src_cgi/myfiles_cgi.c:164]--select count from user_file_count where user="tianyu" 操作失败
[2020-06-05 19:34:56]--[src_cgi/myfiles_cgi.c:176]--line = 0
[2020-06-05 19:35:03]--[src_cgi/myfiles_cgi.c:496]--cmd = count
[2020-06-05 19:35:03]--[src_cgi/myfiles_cgi.c:528]--buf = {
    "token": "3d50d5fe95462707b2acdedd430d199c",
    "user": "tianyu"
}

[2020-06-05 19:35:03]--[src_cgi/myfiles_cgi.c:176]--line = 1
[2020-06-05 19:35:03]--[src_cgi/myfiles_cgi.c:496]--cmd = normal
[2020-06-05 19:35:03]--[src_cgi/myfiles_cgi.c:528]--buf = {
    "count": 1,
    "start": 0,
    "token": "3d50d5fe95462707b2acdedd430d199c",
    "user": "tianyu"
}

[2020-06-05 19:35:03]--[src_cgi/myfiles_cgi.c:548]--user = tianyu, token = 3d50d5fe95462707b2acdedd430d199c, start = 0, count = 1
[2020-06-05 19:35:03]--[src_cgi/myfiles_cgi.c:306]--select user_file_list.*, file_info.url, file_info.size, file_info.type from file_info, user_file_list where user = 'tianyu' and file_info.md5 = user_file_list.md5 limit 0, 1 在操作
[2020-06-05 19:35:03]--[src_cgi/myfiles_cgi.c:428]--{
	"files":	[{
			"user":	"tianyu",
			"md5":	"e14db81d2742df2566067f9215db1015",
			"time":	"2020-06-05 19:35:02",
			"filename":	"ui_login.h",
			"share_status":	0,
			"pv":	0,
			"url":	"http://192.168.142.239:80/group1/M00/00/00/wKiO717aLeaAJxJTAABkZepxUA090959.h",
			"size":	25701,
			"type":	"h"
		}]
}
[2020-06-05 19:35:13]--[src_cgi/myfiles_cgi.c:496]--cmd = count
[2020-06-05 19:35:13]--[src_cgi/myfiles_cgi.c:528]--buf = {
    "token": "3d50d5fe95462707b2acdedd430d199c",
    "user": "tianyu"
}

[2020-06-05 19:35:13]--[src_cgi/myfiles_cgi.c:176]--line = 1
[2020-06-05 19:35:13]--[src_cgi/myfiles_cgi.c:496]--cmd = normal
[2020-06-05 19:35:13]--[src_cgi/myfiles_cgi.c:528]--buf = {
    "count": 1,
    "start": 0,
    "token": "3d50d5fe95462707b2acdedd430d199c",
    "user": "tianyu"
}

[2020-06-05 19:35:13]--[src_cgi/myfiles_cgi.c:548]--user = tianyu, token = 3d50d5fe95462707b2acdedd430d199c, start = 0, count = 1
[2020-06-05 19:35:13]--[src_cgi/myfiles_cgi.c:306]--select user_file_list.*, file_info.url, file_info.size, file_info.type from file_info, user_file_list where user = 'tianyu' and file_info.md5 = user_file_list.md5 limit 0, 1 在操作
[2020-06-05 19:35:13]--[src_cgi/myfiles_cgi.c:428]--{
	"files":	[{
			"user":	"tianyu",
			"md5":	"e14db81d2742df2566067f9215db1015",
			"time":	"2020-06-05 19:35:02",
			"filename":	"ui_login.h",
			"share_status":	0,
			"pv":	0,
			"url":	"http://192.168.142.239:80/group1/M00/00/00/wKiO717aLeaAJxJTAABkZepxUA090959.h",
			"size":	25701,
			"type":	"h"
		}]
}
[2020-06-05 20:35:00]--[src_cgi/myfiles_cgi.c:496]--cmd = count
[2020-06-05 20:35:00]--[src_cgi/myfiles_cgi.c:528]--buf = {
    "token": "944254fdf022a67768b0ca60ed3bfe75",
    "user": "tianyu"
}

[2020-06-05 20:35:00]--[src_cgi/myfiles_cgi.c:164]--select count from user_file_count where user="tianyu" 操作失败
[2020-06-05 20:35:00]--[src_cgi/myfiles_cgi.c:176]--line = 0
[2020-06-05 20:35:19]--[src_cgi/myfiles_cgi.c:496]--cmd = count
[2020-06-05 20:35:19]--[src_cgi/myfiles_cgi.c:528]--buf = {
    "token": "d744b8d7ecc1a2b86c7a617cd28c2f38",
    "user": "tianyu"
}

[2020-06-05 20:35:19]--[src_cgi/myfiles_cgi.c:164]--select count from user_file_count where user="tianyu" 操作失败
[2020-06-05 20:35:19]--[src_cgi/myfiles_cgi.c:176]--line = 0
[2020-06-05 20:35:33]--[src_cgi/myfiles_cgi.c:496]--cmd = count
[2020-06-05 20:35:33]--[src_cgi/myfiles_cgi.c:528]--buf = {
    "token": "d744b8d7ecc1a2b86c7a617cd28c2f38",
    "user": "tianyu"
}

[2020-06-05 20:35:33]--[src_cgi/myfiles_cgi.c:164]--select count from user_file_count where user="tianyu" 操作失败
[2020-06-05 20:35:33]--[src_cgi/myfiles_cgi.c:176]--line = 0
[2020-06-05 20:36:18]--[src_cgi/myfiles_cgi.c:496]--cmd = count
[2020-06-05 20:36:18]--[src_cgi/myfiles_cgi.c:528]--buf = {
    "token": "aabf7b7a36236d541760694d76da0fb9",
    "user": "tianyu"
}

[2020-06-05 20:36:18]--[src_cgi/myfiles_cgi.c:164]--select count from user_file_count where user="tianyu" 操作失败
[2020-06-05 20:36:18]--[src_cgi/myfiles_cgi.c:176]--line = 0
[2020-06-05 20:36:30]--[src_cgi/myfiles_cgi.c:496]--cmd = count
[2020-06-05 20:36:30]--[src_cgi/myfiles_cgi.c:528]--buf = {
    "token": "cd642ed7407a01a564c2d6c01eb3aa04",
    "user": "tianyu"
}

[2020-06-05 20:36:30]--[src_cgi/myfiles_cgi.c:164]--select count from user_file_count where user="tianyu" 操作失败
[2020-06-05 20:36:30]--[src_cgi/myfiles_cgi.c:176]--line = 0
[2020-06-05 20:37:03]--[src_cgi/myfiles_cgi.c:496]--cmd = count
[2020-06-05 20:37:03]--[src_cgi/myfiles_cgi.c:528]--buf = {
    "token": "cd642ed7407a01a564c2d6c01eb3aa04",
    "user": "tianyu"
}

[2020-06-05 20:37:03]--[src_cgi/myfiles_cgi.c:176]--line = 1
[2020-06-05 20:37:03]--[src_cgi/myfiles_cgi.c:496]--cmd = normal
[2020-06-05 20:37:03]--[src_cgi/myfiles_cgi.c:528]--buf = {
    "count": 1,
    "start": 0,
    "token": "cd642ed7407a01a564c2d6c01eb3aa04",
    "user": "tianyu"
}

[2020-06-05 20:37:03]--[src_cgi/myfiles_cgi.c:548]--user = tianyu, token = cd642ed7407a01a564c2d6c01eb3aa04, start = 0, count = 1
[2020-06-05 20:37:03]--[src_cgi/myfiles_cgi.c:306]--select user_file_list.*, file_info.url, file_info.size, file_info.type from file_info, user_file_list where user = 'tianyu' and file_info.md5 = user_file_list.md5 limit 0, 1 在操作
[2020-06-05 20:37:03]--[src_cgi/myfiles_cgi.c:428]--{
	"files":	[{
			"user":	"tianyu",
			"md5":	"7526fcead4ef24036b5845f9b9e9ef9d",
			"time":	"2020-06-05 20:37:00",
			"filename":	"ui_buttongroup.h",
			"share_status":	0,
			"pv":	0,
			"url":	"http://192.168.142.239:80/group1/M00/00/00/wKiO717aPGyAT8E4AAAlJ47bpbQ44228.h",
			"size":	9511,
			"type":	"h"
		}]
}
[2020-06-05 20:37:16]--[src_cgi/myfiles_cgi.c:496]--cmd = count
[2020-06-05 20:37:16]--[src_cgi/myfiles_cgi.c:528]--buf = {
    "token": "cd642ed7407a01a564c2d6c01eb3aa04",
    "user": "tianyu"
}

[2020-06-05 20:37:16]--[src_cgi/myfiles_cgi.c:176]--line = 1
[2020-06-05 20:37:16]--[src_cgi/myfiles_cgi.c:496]--cmd = normal
[2020-06-05 20:37:16]--[src_cgi/myfiles_cgi.c:528]--buf = {
    "count": 1,
    "start": 0,
    "token": "cd642ed7407a01a564c2d6c01eb3aa04",
    "user": "tianyu"
}

[2020-06-05 20:37:16]--[src_cgi/myfiles_cgi.c:548]--user = tianyu, token = cd642ed7407a01a564c2d6c01eb3aa04, start = 0, count = 1
[2020-06-05 20:37:16]--[src_cgi/myfiles_cgi.c:306]--select user_file_list.*, file_info.url, file_info.size, file_info.type from file_info, user_file_list where user = 'tianyu' and file_info.md5 = user_file_list.md5 limit 0, 1 在操作
[2020-06-05 20:37:16]--[src_cgi/myfiles_cgi.c:428]--{
	"files":	[{
			"user":	"tianyu",
			"md5":	"7526fcead4ef24036b5845f9b9e9ef9d",
			"time":	"2020-06-05 20:37:00",
			"filename":	"ui_buttongroup.h",
			"share_status":	1,
			"pv":	0,
			"url":	"http://192.168.142.239:80/group1/M00/00/00/wKiO717aPGyAT8E4AAAlJ47bpbQ44228.h",
			"size":	9511,
			"type":	"h"
		}]
}
[2020-06-05 20:37:26]--[src_cgi/myfiles_cgi.c:496]--cmd = count
[2020-06-05 20:37:26]--[src_cgi/myfiles_cgi.c:528]--buf = {
    "token": "cd642ed7407a01a564c2d6c01eb3aa04",
    "user": "tianyu"
}

[2020-06-05 20:37:26]--[src_cgi/myfiles_cgi.c:176]--line = 1
[2020-06-05 20:37:26]--[src_cgi/myfiles_cgi.c:496]--cmd = normal
[2020-06-05 20:37:26]--[src_cgi/myfiles_cgi.c:528]--buf = {
    "count": 1,
    "start": 0,
    "token": "cd642ed7407a01a564c2d6c01eb3aa04",
    "user": "tianyu"
}

[2020-06-05 20:37:26]--[src_cgi/myfiles_cgi.c:548]--user = tianyu, token = cd642ed7407a01a564c2d6c01eb3aa04, start = 0, count = 1
[2020-06-05 20:37:26]--[src_cgi/myfiles_cgi.c:306]--select user_file_list.*, file_info.url, file_info.size, file_info.type from file_info, user_file_list where user = 'tianyu' and file_info.md5 = user_file_list.md5 limit 0, 1 在操作
[2020-06-05 20:37:26]--[src_cgi/myfiles_cgi.c:428]--{
	"files":	[{
			"user":	"tianyu",
			"md5":	"7526fcead4ef24036b5845f9b9e9ef9d",
			"time":	"2020-06-05 20:37:00",
			"filename":	"ui_buttongroup.h",
			"share_status":	1,
			"pv":	0,
			"url":	"http://192.168.142.239:80/group1/M00/00/00/wKiO717aPGyAT8E4AAAlJ47bpbQ44228.h",
			"size":	9511,
			"type":	"h"
		}]
}
[2020-06-05 20:37:31]--[src_cgi/myfiles_cgi.c:496]--cmd = count
[2020-06-05 20:37:31]--[src_cgi/myfiles_cgi.c:528]--buf = {
    "token": "cd642ed7407a01a564c2d6c01eb3aa04",
    "user": "tianyu"
}

[2020-06-05 20:37:31]--[src_cgi/myfiles_cgi.c:164]--select count from user_file_count where user="tianyu" 操作失败
[2020-06-05 20:37:31]--[src_cgi/myfiles_cgi.c:176]--line = 0
[2020-06-05 20:37:32]--[src_cgi/myfiles_cgi.c:496]--cmd = count
[2020-06-05 20:37:32]--[src_cgi/myfiles_cgi.c:528]--buf = {
    "token": "cd642ed7407a01a564c2d6c01eb3aa04",
    "user": "tianyu"
}

[2020-06-05 20:37:32]--[src_cgi/myfiles_cgi.c:164]--select count from user_file_count where user="tianyu" 操作失败
[2020-06-05 20:37:32]--[src_cgi/myfiles_cgi.c:176]--line = 0
[2020-06-05 20:37:38]--[src_cgi/myfiles_cgi.c:496]--cmd = count
[2020-06-05 20:37:38]--[src_cgi/myfiles_cgi.c:528]--buf = {
    "token": "cd642ed7407a01a564c2d6c01eb3aa04",
    "user": "tianyu"
}

[2020-06-05 20:37:38]--[src_cgi/myfiles_cgi.c:164]--select count from user_file_count where user="tianyu" 操作失败
[2020-06-05 20:37:38]--[src_cgi/myfiles_cgi.c:176]--line = 0
[2020-06-05 20:37:49]--[src_cgi/myfiles_cgi.c:496]--cmd = count
[2020-06-05 20:37:49]--[src_cgi/myfiles_cgi.c:528]--buf = {
    "token": "4cd4d7dd80309a0e2ab41360dea1d16e",
    "user": "tianyu"
}

[2020-06-05 20:37:49]--[src_cgi/myfiles_cgi.c:164]--select count from user_file_count where user="tianyu" 操作失败
[2020-06-05 20:37:49]--[src_cgi/myfiles_cgi.c:176]--line = 0
[2020-06-05 20:53:32]--[src_cgi/myfiles_cgi.c:496]--cmd = count
[2020-06-05 20:53:32]--[src_cgi/myfiles_cgi.c:528]--buf = {
    "token": "e2b3522e6f776d72aa11c46e4bac387d",
    "user": "tianyu"
}

[2020-06-05 20:53:32]--[src_cgi/myfiles_cgi.c:164]--select count from user_file_count where user="tianyu" 操作失败
[2020-06-05 20:53:32]--[src_cgi/myfiles_cgi.c:176]--line = 0
[2020-06-05 20:53:48]--[src_cgi/myfiles_cgi.c:496]--cmd = count
[2020-06-05 20:53:48]--[src_cgi/myfiles_cgi.c:528]--buf = {
    "token": "e2b3522e6f776d72aa11c46e4bac387d",
    "user": "tianyu"
}

[2020-06-05 20:53:48]--[src_cgi/myfiles_cgi.c:176]--line = 1
[2020-06-05 20:53:48]--[src_cgi/myfiles_cgi.c:496]--cmd = normal
[2020-06-05 20:53:48]--[src_cgi/myfiles_cgi.c:528]--buf = {
    "count": 1,
    "start": 0,
    "token": "e2b3522e6f776d72aa11c46e4bac387d",
    "user": "tianyu"
}

[2020-06-05 20:53:48]--[src_cgi/myfiles_cgi.c:548]--user = tianyu, token = e2b3522e6f776d72aa11c46e4bac387d, start = 0, count = 1
[2020-06-05 20:53:48]--[src_cgi/myfiles_cgi.c:306]--select user_file_list.*, file_info.url, file_info.size, file_info.type from file_info, user_file_list where user = 'tianyu' and file_info.md5 = user_file_list.md5 limit 0, 1 在操作
[2020-06-05 20:53:48]--[src_cgi/myfiles_cgi.c:428]--{
	"files":	[{
			"user":	"tianyu",
			"md5":	"d41d8cd98f00b204e9800998ecf8427e",
			"time":	"2020-06-05 20:53:46",
			"filename":	"1.docx",
			"share_status":	0,
			"pv":	0,
			"url":	"http://192.168.142.239:80/group1/M00/00/00/wKiO717aQFqANc9bAAAAAAAAAAA95.docx",
			"size":	0,
			"type":	"docx"
		}]
}
[2020-06-05 20:54:07]--[src_cgi/myfiles_cgi.c:496]--cmd = count
[2020-06-05 20:54:07]--[src_cgi/myfiles_cgi.c:528]--buf = {
    "token": "e2b3522e6f776d72aa11c46e4bac387d",
    "user": "tianyu"
}

[2020-06-05 20:54:07]--[src_cgi/myfiles_cgi.c:164]--select count from user_file_count where user="tianyu" 操作失败
[2020-06-05 20:54:07]--[src_cgi/myfiles_cgi.c:176]--line = 0
