[2020-06-11 15:22:35]--[src_cgi/myfiles_cgi.c:40]--mysql:[user=root,pwd=123456,database=yundisk][2020-06-11 15:34:18]--[src_cgi/myfiles_cgi.c:496]--cmd = count
[2020-06-11 15:34:18]--[src_cgi/myfiles_cgi.c:528]--buf = {
    "token": "5e929c52f1a7ac625e420008ac1c87cb",
    "user": "tianyu"
}

[2020-06-11 15:34:18]--[src_cgi/myfiles_cgi.c:176]--line = 2
[2020-06-11 15:34:18]--[src_cgi/myfiles_cgi.c:496]--cmd = normal
[2020-06-11 15:34:18]--[src_cgi/myfiles_cgi.c:528]--buf = {
    "count": 2,
    "start": 0,
    "token": "5e929c52f1a7ac625e420008ac1c87cb",
    "user": "tianyu"
}

[2020-06-11 15:34:18]--[src_cgi/myfiles_cgi.c:548]--user = tianyu, token = 5e929c52f1a7ac625e420008ac1c87cb, start = 0, count = 2
[2020-06-11 15:34:18]--[src_cgi/myfiles_cgi.c:306]--select user_file_list.*, file_info.url, file_info.size, file_info.type from file_info, user_file_list where user = 'tianyu' and file_info.md5 = user_file_list.md5 limit 0, 2 在操作
[2020-06-11 15:34:18]--[src_cgi/myfiles_cgi.c:428]--{
	"files":	[{
			"user":	"tianyu",
			"md5":	"7526fcead4ef24036b5845f9b9e9ef9d",
			"time":	"2020-06-08 14:42:26",
			"filename":	"ui_buttongroup.h",
			"share_status":	1,
			"pv":	0,
			"url":	"http://192.168.142.239:80/group1/M00/00/00/wKiO717d3dKATx9bAAAlJ47bpbQ77602.h",
			"size":	9511,
			"type":	"h"
		}, {
			"user":	"tianyu",
			"md5":	"4524c781fc78ff3c20a1f3fcfeb24189",
			"time":	"2020-06-08 16:18:23",
			"filename":	"C++基础.docx",
			"share_status":	0,
			"pv":	0,
			"url":	"http://192.168.142.239:80/group1/M00/00/00/wKiO717d9E-AKo8TAEEUGJHtxgM50.docx",
			"size":	4264984,
			"type":	"docx"
		}]
}
[2020-06-11 15:35:04]--[src_cgi/myfiles_cgi.c:496]--cmd = count
[2020-06-11 15:35:04]--[src_cgi/myfiles_cgi.c:528]--buf = {
    "token": "bdac3fa99d08245b2be5a91d2b40a39c",
    "user": "tianyu"
}

[2020-06-11 15:35:04]--[src_cgi/myfiles_cgi.c:176]--line = 2
[2020-06-11 15:35:04]--[src_cgi/myfiles_cgi.c:496]--cmd = normal
[2020-06-11 15:35:04]--[src_cgi/myfiles_cgi.c:528]--buf = {
    "count": 2,
    "start": 0,
    "token": "bdac3fa99d08245b2be5a91d2b40a39c",
    "user": "tianyu"
}

[2020-06-11 15:35:04]--[src_cgi/myfiles_cgi.c:548]--user = tianyu, token = bdac3fa99d08245b2be5a91d2b40a39c, start = 0, count = 2
[2020-06-11 15:35:04]--[src_cgi/myfiles_cgi.c:306]--select user_file_list.*, file_info.url, file_info.size, file_info.type from file_info, user_file_list where user = 'tianyu' and file_info.md5 = user_file_list.md5 limit 0, 2 在操作
[2020-06-11 15:35:04]--[src_cgi/myfiles_cgi.c:428]--{
	"files":	[{
			"user":	"tianyu",
			"md5":	"7526fcead4ef24036b5845f9b9e9ef9d",
			"time":	"2020-06-08 14:42:26",
			"filename":	"ui_buttongroup.h",
			"share_status":	1,
			"pv":	0,
			"url":	"http://192.168.142.239:80/group1/M00/00/00/wKiO717d3dKATx9bAAAlJ47bpbQ77602.h",
			"size":	9511,
			"type":	"h"
		}, {
			"user":	"tianyu",
			"md5":	"4524c781fc78ff3c20a1f3fcfeb24189",
			"time":	"2020-06-08 16:18:23",
			"filename":	"C++基础.docx",
			"share_status":	0,
			"pv":	0,
			"url":	"http://192.168.142.239:80/group1/M00/00/00/wKiO717d9E-AKo8TAEEUGJHtxgM50.docx",
			"size":	4264984,
			"type":	"docx"
		}]
}
[2020-06-11 15:35:15]--[src_cgi/myfiles_cgi.c:496]--cmd = count
[2020-06-11 15:35:15]--[src_cgi/myfiles_cgi.c:528]--buf = {
    "token": "bdac3fa99d08245b2be5a91d2b40a39c",
    "user": "tianyu"
}

[2020-06-11 15:35:15]--[src_cgi/myfiles_cgi.c:176]--line = 2
[2020-06-11 15:35:15]--[src_cgi/myfiles_cgi.c:496]--cmd = normal
[2020-06-11 15:35:15]--[src_cgi/myfiles_cgi.c:528]--buf = {
    "count": 2,
    "start": 0,
    "token": "bdac3fa99d08245b2be5a91d2b40a39c",
    "user": "tianyu"
}

[2020-06-11 15:35:15]--[src_cgi/myfiles_cgi.c:548]--user = tianyu, token = bdac3fa99d08245b2be5a91d2b40a39c, start = 0, count = 2
[2020-06-11 15:35:15]--[src_cgi/myfiles_cgi.c:306]--select user_file_list.*, file_info.url, file_info.size, file_info.type from file_info, user_file_list where user = 'tianyu' and file_info.md5 = user_file_list.md5 limit 0, 2 在操作
[2020-06-11 15:35:15]--[src_cgi/myfiles_cgi.c:428]--{
	"files":	[{
			"user":	"tianyu",
			"md5":	"7526fcead4ef24036b5845f9b9e9ef9d",
			"time":	"2020-06-08 14:42:26",
			"filename":	"ui_buttongroup.h",
			"share_status":	1,
			"pv":	0,
			"url":	"http://192.168.142.239:80/group1/M00/00/00/wKiO717d3dKATx9bAAAlJ47bpbQ77602.h",
			"size":	9511,
			"type":	"h"
		}, {
			"user":	"tianyu",
			"md5":	"4524c781fc78ff3c20a1f3fcfeb24189",
			"time":	"2020-06-08 16:18:23",
			"filename":	"C++基础.docx",
			"share_status":	0,
			"pv":	0,
			"url":	"http://192.168.142.239:80/group1/M00/00/00/wKiO717d9E-AKo8TAEEUGJHtxgM50.docx",
			"size":	4264984,
			"type":	"docx"
		}]
}
[2020-06-11 15:35:34]--[src_cgi/myfiles_cgi.c:496]--cmd = count
[2020-06-11 15:35:34]--[src_cgi/myfiles_cgi.c:528]--buf = {
    "token": "bdac3fa99d08245b2be5a91d2b40a39c",
    "user": "tianyu"
}

[2020-06-11 15:35:34]--[src_cgi/myfiles_cgi.c:176]--line = 2
[2020-06-11 15:35:34]--[src_cgi/myfiles_cgi.c:496]--cmd = normal
[2020-06-11 15:35:34]--[src_cgi/myfiles_cgi.c:528]--buf = {
    "count": 2,
    "start": 0,
    "token": "bdac3fa99d08245b2be5a91d2b40a39c",
    "user": "tianyu"
}

[2020-06-11 15:35:34]--[src_cgi/myfiles_cgi.c:548]--user = tianyu, token = bdac3fa99d08245b2be5a91d2b40a39c, start = 0, count = 2
[2020-06-11 15:35:34]--[src_cgi/myfiles_cgi.c:306]--select user_file_list.*, file_info.url, file_info.size, file_info.type from file_info, user_file_list where user = 'tianyu' and file_info.md5 = user_file_list.md5 limit 0, 2 在操作
[2020-06-11 15:35:34]--[src_cgi/myfiles_cgi.c:428]--{
	"files":	[{
			"user":	"tianyu",
			"md5":	"7526fcead4ef24036b5845f9b9e9ef9d",
			"time":	"2020-06-08 14:42:26",
			"filename":	"ui_buttongroup.h",
			"share_status":	1,
			"pv":	0,
			"url":	"http://192.168.142.239:80/group1/M00/00/00/wKiO717d3dKATx9bAAAlJ47bpbQ77602.h",
			"size":	9511,
			"type":	"h"
		}, {
			"user":	"tianyu",
			"md5":	"4524c781fc78ff3c20a1f3fcfeb24189",
			"time":	"2020-06-08 16:18:23",
			"filename":	"C++基础.docx",
			"share_status":	0,
			"pv":	0,
			"url":	"http://192.168.142.239:80/group1/M00/00/00/wKiO717d9E-AKo8TAEEUGJHtxgM50.docx",
			"size":	4264984,
			"type":	"docx"
		}]
}
[2020-06-11 15:35:37]--[src_cgi/myfiles_cgi.c:496]--cmd = count
[2020-06-11 15:35:37]--[src_cgi/myfiles_cgi.c:528]--buf = {
    "token": "bdac3fa99d08245b2be5a91d2b40a39c",
    "user": "tianyu"
}

[2020-06-11 15:35:37]--[src_cgi/myfiles_cgi.c:176]--line = 2
[2020-06-11 15:35:37]--[src_cgi/myfiles_cgi.c:496]--cmd = normal
[2020-06-11 15:35:37]--[src_cgi/myfiles_cgi.c:528]--buf = {
    "count": 2,
    "start": 0,
    "token": "bdac3fa99d08245b2be5a91d2b40a39c",
    "user": "tianyu"
}

[2020-06-11 15:35:37]--[src_cgi/myfiles_cgi.c:548]--user = tianyu, token = bdac3fa99d08245b2be5a91d2b40a39c, start = 0, count = 2
[2020-06-11 15:35:37]--[src_cgi/myfiles_cgi.c:306]--select user_file_list.*, file_info.url, file_info.size, file_info.type from file_info, user_file_list where user = 'tianyu' and file_info.md5 = user_file_list.md5 limit 0, 2 在操作
[2020-06-11 15:35:37]--[src_cgi/myfiles_cgi.c:428]--{
	"files":	[{
			"user":	"tianyu",
			"md5":	"7526fcead4ef24036b5845f9b9e9ef9d",
			"time":	"2020-06-08 14:42:26",
			"filename":	"ui_buttongroup.h",
			"share_status":	1,
			"pv":	0,
			"url":	"http://192.168.142.239:80/group1/M00/00/00/wKiO717d3dKATx9bAAAlJ47bpbQ77602.h",
			"size":	9511,
			"type":	"h"
		}, {
			"user":	"tianyu",
			"md5":	"4524c781fc78ff3c20a1f3fcfeb24189",
			"time":	"2020-06-08 16:18:23",
			"filename":	"C++基础.docx",
			"share_status":	0,
			"pv":	0,
			"url":	"http://192.168.142.239:80/group1/M00/00/00/wKiO717d9E-AKo8TAEEUGJHtxgM50.docx",
			"size":	4264984,
			"type":	"docx"
		}]
}
[2020-06-11 15:35:52]--[src_cgi/myfiles_cgi.c:496]--cmd = count
[2020-06-11 15:35:52]--[src_cgi/myfiles_cgi.c:528]--buf = {
    "token": "bdac3fa99d08245b2be5a91d2b40a39c",
    "user": "tianyu"
}

[2020-06-11 15:35:52]--[src_cgi/myfiles_cgi.c:176]--line = 2
[2020-06-11 15:35:52]--[src_cgi/myfiles_cgi.c:496]--cmd = normal
[2020-06-11 15:35:52]--[src_cgi/myfiles_cgi.c:528]--buf = {
    "count": 2,
    "start": 0,
    "token": "bdac3fa99d08245b2be5a91d2b40a39c",
    "user": "tianyu"
}

[2020-06-11 15:35:52]--[src_cgi/myfiles_cgi.c:548]--user = tianyu, token = bdac3fa99d08245b2be5a91d2b40a39c, start = 0, count = 2
[2020-06-11 15:35:52]--[src_cgi/myfiles_cgi.c:306]--select user_file_list.*, file_info.url, file_info.size, file_info.type from file_info, user_file_list where user = 'tianyu' and file_info.md5 = user_file_list.md5 limit 0, 2 在操作
[2020-06-11 15:35:52]--[src_cgi/myfiles_cgi.c:428]--{
	"files":	[{
			"user":	"tianyu",
			"md5":	"7526fcead4ef24036b5845f9b9e9ef9d",
			"time":	"2020-06-08 14:42:26",
			"filename":	"ui_buttongroup.h",
			"share_status":	1,
			"pv":	0,
			"url":	"http://192.168.142.239:80/group1/M00/00/00/wKiO717d3dKATx9bAAAlJ47bpbQ77602.h",
			"size":	9511,
			"type":	"h"
		}, {
			"user":	"tianyu",
			"md5":	"4524c781fc78ff3c20a1f3fcfeb24189",
			"time":	"2020-06-08 16:18:23",
			"filename":	"C++基础.docx",
			"share_status":	0,
			"pv":	0,
			"url":	"http://192.168.142.239:80/group1/M00/00/00/wKiO717d9E-AKo8TAEEUGJHtxgM50.docx",
			"size":	4264984,
			"type":	"docx"
		}]
}
[2020-06-11 15:36:09]--[src_cgi/myfiles_cgi.c:496]--cmd = count
[2020-06-11 15:36:09]--[src_cgi/myfiles_cgi.c:528]--buf = {
    "token": "bdac3fa99d08245b2be5a91d2b40a39c",
    "user": "tianyu"
}

[2020-06-11 15:36:09]--[src_cgi/myfiles_cgi.c:176]--line = 2
[2020-06-11 15:36:09]--[src_cgi/myfiles_cgi.c:496]--cmd = normal
[2020-06-11 15:36:09]--[src_cgi/myfiles_cgi.c:528]--buf = {
    "count": 2,
    "start": 0,
    "token": "bdac3fa99d08245b2be5a91d2b40a39c",
    "user": "tianyu"
}

[2020-06-11 15:36:09]--[src_cgi/myfiles_cgi.c:548]--user = tianyu, token = bdac3fa99d08245b2be5a91d2b40a39c, start = 0, count = 2
[2020-06-11 15:36:09]--[src_cgi/myfiles_cgi.c:306]--select user_file_list.*, file_info.url, file_info.size, file_info.type from file_info, user_file_list where user = 'tianyu' and file_info.md5 = user_file_list.md5 limit 0, 2 在操作
[2020-06-11 15:36:09]--[src_cgi/myfiles_cgi.c:428]--{
	"files":	[{
			"user":	"tianyu",
			"md5":	"7526fcead4ef24036b5845f9b9e9ef9d",
			"time":	"2020-06-08 14:42:26",
			"filename":	"ui_buttongroup.h",
			"share_status":	1,
			"pv":	0,
			"url":	"http://192.168.142.239:80/group1/M00/00/00/wKiO717d3dKATx9bAAAlJ47bpbQ77602.h",
			"size":	9511,
			"type":	"h"
		}, {
			"user":	"tianyu",
			"md5":	"4524c781fc78ff3c20a1f3fcfeb24189",
			"time":	"2020-06-08 16:18:23",
			"filename":	"C++基础.docx",
			"share_status":	0,
			"pv":	0,
			"url":	"http://192.168.142.239:80/group1/M00/00/00/wKiO717d9E-AKo8TAEEUGJHtxgM50.docx",
			"size":	4264984,
			"type":	"docx"
		}]
}
[2020-06-11 15:36:12]--[src_cgi/myfiles_cgi.c:496]--cmd = count
[2020-06-11 15:36:12]--[src_cgi/myfiles_cgi.c:528]--buf = {
    "token": "bdac3fa99d08245b2be5a91d2b40a39c",
    "user": "tianyu"
}

[2020-06-11 15:36:12]--[src_cgi/myfiles_cgi.c:176]--line = 2
[2020-06-11 15:36:12]--[src_cgi/myfiles_cgi.c:496]--cmd = normal
[2020-06-11 15:36:12]--[src_cgi/myfiles_cgi.c:528]--buf = {
    "count": 2,
    "start": 0,
    "token": "bdac3fa99d08245b2be5a91d2b40a39c",
    "user": "tianyu"
}

[2020-06-11 15:36:12]--[src_cgi/myfiles_cgi.c:548]--user = tianyu, token = bdac3fa99d08245b2be5a91d2b40a39c, start = 0, count = 2
[2020-06-11 15:36:12]--[src_cgi/myfiles_cgi.c:306]--select user_file_list.*, file_info.url, file_info.size, file_info.type from file_info, user_file_list where user = 'tianyu' and file_info.md5 = user_file_list.md5 limit 0, 2 在操作
[2020-06-11 15:36:12]--[src_cgi/myfiles_cgi.c:428]--{
	"files":	[{
			"user":	"tianyu",
			"md5":	"7526fcead4ef24036b5845f9b9e9ef9d",
			"time":	"2020-06-08 14:42:26",
			"filename":	"ui_buttongroup.h",
			"share_status":	1,
			"pv":	0,
			"url":	"http://192.168.142.239:80/group1/M00/00/00/wKiO717d3dKATx9bAAAlJ47bpbQ77602.h",
			"size":	9511,
			"type":	"h"
		}, {
			"user":	"tianyu",
			"md5":	"4524c781fc78ff3c20a1f3fcfeb24189",
			"time":	"2020-06-08 16:18:23",
			"filename":	"C++基础.docx",
			"share_status":	0,
			"pv":	0,
			"url":	"http://192.168.142.239:80/group1/M00/00/00/wKiO717d9E-AKo8TAEEUGJHtxgM50.docx",
			"size":	4264984,
			"type":	"docx"
		}]
}
[2020-06-11 16:23:16]--[src_cgi/myfiles_cgi.c:496]--cmd = count
[2020-06-11 16:23:16]--[src_cgi/myfiles_cgi.c:528]--buf = {
    "token": "bdac3fa99d08245b2be5a91d2b40a39c",
    "user": "tianyu"
}

[2020-06-11 16:23:16]--[src_cgi/myfiles_cgi.c:176]--line = 2
[2020-06-11 16:23:16]--[src_cgi/myfiles_cgi.c:496]--cmd = normal
[2020-06-11 16:23:16]--[src_cgi/myfiles_cgi.c:528]--buf = {
    "count": 2,
    "start": 0,
    "token": "bdac3fa99d08245b2be5a91d2b40a39c",
    "user": "tianyu"
}

[2020-06-11 16:23:16]--[src_cgi/myfiles_cgi.c:548]--user = tianyu, token = bdac3fa99d08245b2be5a91d2b40a39c, start = 0, count = 2
[2020-06-11 16:23:16]--[src_cgi/myfiles_cgi.c:306]--select user_file_list.*, file_info.url, file_info.size, file_info.type from file_info, user_file_list where user = 'tianyu' and file_info.md5 = user_file_list.md5 limit 0, 2 在操作
[2020-06-11 16:23:16]--[src_cgi/myfiles_cgi.c:428]--{
	"files":	[{
			"user":	"tianyu",
			"md5":	"7526fcead4ef24036b5845f9b9e9ef9d",
			"time":	"2020-06-08 14:42:26",
			"filename":	"ui_buttongroup.h",
			"share_status":	1,
			"pv":	0,
			"url":	"http://192.168.142.239:80/group1/M00/00/00/wKiO717d3dKATx9bAAAlJ47bpbQ77602.h",
			"size":	9511,
			"type":	"h"
		}, {
			"user":	"tianyu",
			"md5":	"4524c781fc78ff3c20a1f3fcfeb24189",
			"time":	"2020-06-08 16:18:23",
			"filename":	"C++基础.docx",
			"share_status":	0,
			"pv":	0,
			"url":	"http://192.168.142.239:80/group1/M00/00/00/wKiO717d9E-AKo8TAEEUGJHtxgM50.docx",
			"size":	4264984,
			"type":	"docx"
		}]
}
[2020-06-11 19:34:53]--[src_cgi/myfiles_cgi.c:496]--cmd = count
[2020-06-11 19:34:53]--[src_cgi/myfiles_cgi.c:528]--buf = {
    "token": "bdac3fa99d08245b2be5a91d2b40a39c",
    "user": "tianyu"
}

[2020-06-11 19:34:53]--[src_cgi/myfiles_cgi.c:176]--line = 2
[2020-06-11 19:34:53]--[src_cgi/myfiles_cgi.c:496]--cmd = normal
[2020-06-11 19:34:53]--[src_cgi/myfiles_cgi.c:528]--buf = {
    "count": 2,
    "start": 0,
    "token": "bdac3fa99d08245b2be5a91d2b40a39c",
    "user": "tianyu"
}

[2020-06-11 19:34:53]--[src_cgi/myfiles_cgi.c:548]--user = tianyu, token = bdac3fa99d08245b2be5a91d2b40a39c, start = 0, count = 2
[2020-06-11 19:34:53]--[src_cgi/myfiles_cgi.c:306]--select user_file_list.*, file_info.url, file_info.size, file_info.type from file_info, user_file_list where user = 'tianyu' and file_info.md5 = user_file_list.md5 limit 0, 2 在操作
[2020-06-11 19:34:53]--[src_cgi/myfiles_cgi.c:428]--{
	"files":	[{
			"user":	"tianyu",
			"md5":	"7526fcead4ef24036b5845f9b9e9ef9d",
			"time":	"2020-06-08 14:42:26",
			"filename":	"ui_buttongroup.h",
			"share_status":	1,
			"pv":	0,
			"url":	"http://192.168.142.239:80/group1/M00/00/00/wKiO717d3dKATx9bAAAlJ47bpbQ77602.h",
			"size":	9511,
			"type":	"h"
		}, {
			"user":	"tianyu",
			"md5":	"4524c781fc78ff3c20a1f3fcfeb24189",
			"time":	"2020-06-08 16:18:23",
			"filename":	"C++基础.docx",
			"share_status":	0,
			"pv":	0,
			"url":	"http://192.168.142.239:80/group1/M00/00/00/wKiO717d9E-AKo8TAEEUGJHtxgM50.docx",
			"size":	4264984,
			"type":	"docx"
		}]
}
[2020-06-11 20:27:27]--[src_cgi/myfiles_cgi.c:496]--cmd = count
[2020-06-11 20:27:27]--[src_cgi/myfiles_cgi.c:528]--buf = {
    "token": "bdac3fa99d08245b2be5a91d2b40a39c",
    "user": "tianyu"
}

[2020-06-11 20:27:27]--[src_cgi/myfiles_cgi.c:176]--line = 2
[2020-06-11 20:27:27]--[src_cgi/myfiles_cgi.c:496]--cmd = normal
[2020-06-11 20:27:27]--[src_cgi/myfiles_cgi.c:528]--buf = {
    "count": 2,
    "start": 0,
    "token": "bdac3fa99d08245b2be5a91d2b40a39c",
    "user": "tianyu"
}

[2020-06-11 20:27:27]--[src_cgi/myfiles_cgi.c:548]--user = tianyu, token = bdac3fa99d08245b2be5a91d2b40a39c, start = 0, count = 2
[2020-06-11 20:27:27]--[src_cgi/myfiles_cgi.c:306]--select user_file_list.*, file_info.url, file_info.size, file_info.type from file_info, user_file_list where user = 'tianyu' and file_info.md5 = user_file_list.md5 limit 0, 2 在操作
[2020-06-11 20:27:27]--[src_cgi/myfiles_cgi.c:428]--{
	"files":	[{
			"user":	"tianyu",
			"md5":	"7526fcead4ef24036b5845f9b9e9ef9d",
			"time":	"2020-06-08 14:42:26",
			"filename":	"ui_buttongroup.h",
			"share_status":	1,
			"pv":	0,
			"url":	"http://192.168.142.239:80/group1/M00/00/00/wKiO717d3dKATx9bAAAlJ47bpbQ77602.h",
			"size":	9511,
			"type":	"h"
		}, {
			"user":	"tianyu",
			"md5":	"4524c781fc78ff3c20a1f3fcfeb24189",
			"time":	"2020-06-08 16:18:23",
			"filename":	"C++基础.docx",
			"share_status":	0,
			"pv":	0,
			"url":	"http://192.168.142.239:80/group1/M00/00/00/wKiO717d9E-AKo8TAEEUGJHtxgM50.docx",
			"size":	4264984,
			"type":	"docx"
		}]
}
[2020-06-11 20:27:57]--[src_cgi/myfiles_cgi.c:496]--cmd = count
[2020-06-11 20:27:57]--[src_cgi/myfiles_cgi.c:528]--buf = {
    "token": "bdac3fa99d08245b2be5a91d2b40a39c",
    "user": "tianyu"
}

[2020-06-11 20:27:57]--[src_cgi/myfiles_cgi.c:176]--line = 2
[2020-06-11 20:27:57]--[src_cgi/myfiles_cgi.c:496]--cmd = normal
[2020-06-11 20:27:57]--[src_cgi/myfiles_cgi.c:528]--buf = {
    "count": 2,
    "start": 0,
    "token": "bdac3fa99d08245b2be5a91d2b40a39c",
    "user": "tianyu"
}

[2020-06-11 20:27:57]--[src_cgi/myfiles_cgi.c:548]--user = tianyu, token = bdac3fa99d08245b2be5a91d2b40a39c, start = 0, count = 2
[2020-06-11 20:27:57]--[src_cgi/myfiles_cgi.c:306]--select user_file_list.*, file_info.url, file_info.size, file_info.type from file_info, user_file_list where user = 'tianyu' and file_info.md5 = user_file_list.md5 limit 0, 2 在操作
[2020-06-11 20:27:57]--[src_cgi/myfiles_cgi.c:428]--{
	"files":	[{
			"user":	"tianyu",
			"md5":	"7526fcead4ef24036b5845f9b9e9ef9d",
			"time":	"2020-06-08 14:42:26",
			"filename":	"ui_buttongroup.h",
			"share_status":	1,
			"pv":	0,
			"url":	"http://192.168.142.239:80/group1/M00/00/00/wKiO717d3dKATx9bAAAlJ47bpbQ77602.h",
			"size":	9511,
			"type":	"h"
		}, {
			"user":	"tianyu",
			"md5":	"4524c781fc78ff3c20a1f3fcfeb24189",
			"time":	"2020-06-08 16:18:23",
			"filename":	"C++基础.docx",
			"share_status":	0,
			"pv":	0,
			"url":	"http://192.168.142.239:80/group1/M00/00/00/wKiO717d9E-AKo8TAEEUGJHtxgM50.docx",
			"size":	4264984,
			"type":	"docx"
		}]
}
[2020-06-11 20:34:23]--[src_cgi/myfiles_cgi.c:496]--cmd = count
[2020-06-11 20:34:23]--[src_cgi/myfiles_cgi.c:528]--buf = {
    "token": "bdac3fa99d08245b2be5a91d2b40a39c",
    "user": "tianyu"
}

[2020-06-11 20:34:23]--[src_cgi/myfiles_cgi.c:176]--line = 2
[2020-06-11 20:34:23]--[src_cgi/myfiles_cgi.c:496]--cmd = normal
[2020-06-11 20:34:23]--[src_cgi/myfiles_cgi.c:528]--buf = {
    "count": 2,
    "start": 0,
    "token": "bdac3fa99d08245b2be5a91d2b40a39c",
    "user": "tianyu"
}

[2020-06-11 20:34:23]--[src_cgi/myfiles_cgi.c:548]--user = tianyu, token = bdac3fa99d08245b2be5a91d2b40a39c, start = 0, count = 2
[2020-06-11 20:34:23]--[src_cgi/myfiles_cgi.c:306]--select user_file_list.*, file_info.url, file_info.size, file_info.type from file_info, user_file_list where user = 'tianyu' and file_info.md5 = user_file_list.md5 limit 0, 2 在操作
[2020-06-11 20:34:23]--[src_cgi/myfiles_cgi.c:428]--{
	"files":	[{
			"user":	"tianyu",
			"md5":	"7526fcead4ef24036b5845f9b9e9ef9d",
			"time":	"2020-06-08 14:42:26",
			"filename":	"ui_buttongroup.h",
			"share_status":	1,
			"pv":	0,
			"url":	"http://192.168.142.239:80/group1/M00/00/00/wKiO717d3dKATx9bAAAlJ47bpbQ77602.h",
			"size":	9511,
			"type":	"h"
		}, {
			"user":	"tianyu",
			"md5":	"4524c781fc78ff3c20a1f3fcfeb24189",
			"time":	"2020-06-08 16:18:23",
			"filename":	"C++基础.docx",
			"share_status":	0,
			"pv":	0,
			"url":	"http://192.168.142.239:80/group1/M00/00/00/wKiO717d9E-AKo8TAEEUGJHtxgM50.docx",
			"size":	4264984,
			"type":	"docx"
		}]
}
[2020-06-11 20:44:15]--[src_cgi/myfiles_cgi.c:496]--cmd = count
[2020-06-11 20:44:15]--[src_cgi/myfiles_cgi.c:528]--buf = {
    "token": "bdac3fa99d08245b2be5a91d2b40a39c",
    "user": "tianyu"
}

[2020-06-11 20:44:15]--[src_cgi/myfiles_cgi.c:176]--line = 2
[2020-06-11 20:44:15]--[src_cgi/myfiles_cgi.c:496]--cmd = normal
[2020-06-11 20:44:15]--[src_cgi/myfiles_cgi.c:528]--buf = {
    "count": 2,
    "start": 0,
    "token": "bdac3fa99d08245b2be5a91d2b40a39c",
    "user": "tianyu"
}

[2020-06-11 20:44:15]--[src_cgi/myfiles_cgi.c:548]--user = tianyu, token = bdac3fa99d08245b2be5a91d2b40a39c, start = 0, count = 2
[2020-06-11 20:44:15]--[src_cgi/myfiles_cgi.c:306]--select user_file_list.*, file_info.url, file_info.size, file_info.type from file_info, user_file_list where user = 'tianyu' and file_info.md5 = user_file_list.md5 limit 0, 2 在操作
[2020-06-11 20:44:15]--[src_cgi/myfiles_cgi.c:428]--{
	"files":	[{
			"user":	"tianyu",
			"md5":	"7526fcead4ef24036b5845f9b9e9ef9d",
			"time":	"2020-06-08 14:42:26",
			"filename":	"ui_buttongroup.h",
			"share_status":	1,
			"pv":	0,
			"url":	"http://192.168.142.239:80/group1/M00/00/00/wKiO717d3dKATx9bAAAlJ47bpbQ77602.h",
			"size":	9511,
			"type":	"h"
		}, {
			"user":	"tianyu",
			"md5":	"4524c781fc78ff3c20a1f3fcfeb24189",
			"time":	"2020-06-08 16:18:23",
			"filename":	"C++基础.docx",
			"share_status":	0,
			"pv":	0,
			"url":	"http://192.168.142.239:80/group1/M00/00/00/wKiO717d9E-AKo8TAEEUGJHtxgM50.docx",
			"size":	4264984,
			"type":	"docx"
		}]
}
