[2020-05-16 16:51:25]--[src_cgi/login_cgi.c:288]--buf = {
    "pwd": "fb3336fca8851437f980e83045e75749",
    "user": "yutianyu"
}

[2020-05-16 16:51:25]--[src_cgi/login_cgi.c:294]--user = yutianyu, pwd = fb3336fca8851437f980e83045e75749
[2020-05-16 16:51:25]--[src_cgi/login_cgi.c:101]--mysql_user = root, mysql_pwd = 123456, mysql_db = yundisk
[2020-05-16 16:51:25]--[src_cgi/login_cgi.c:161]--redis:[ip=127.0.0.1,port=6379]
[2020-05-16 16:51:25]--[src_cgi/login_cgi.c:185]--tmp = yutianyu59788114766
[2020-05-16 16:51:25]--[src_cgi/login_cgi.c:201]--base64 = ovo7BjfFPB9y4QI6tAhd6Y6FjPyFT2KV
[2020-05-16 16:51:25]--[src_cgi/login_cgi.c:303]--token = c4251b453ae8aa1c06fa757b1e100416
[2020-05-16 16:53:11]--[src_cgi/login_cgi.c:288]--buf = {
    "pwd": "fb3336fca8851437f980e83045e75749",
    "user": "yutianyu"
}

[2020-05-16 16:53:11]--[src_cgi/login_cgi.c:294]--user = yutianyu, pwd = fb3336fca8851437f980e83045e75749
[2020-05-16 16:53:11]--[src_cgi/login_cgi.c:101]--mysql_user = root, mysql_pwd = 123456, mysql_db = yundisk
[2020-05-16 16:53:11]--[src_cgi/login_cgi.c:161]--redis:[ip=127.0.0.1,port=6379]
[2020-05-16 16:53:11]--[src_cgi/login_cgi.c:185]--tmp = yutianyu72540488609
[2020-05-16 16:53:11]--[src_cgi/login_cgi.c:201]--base64 = ovo7BjfFPB9AIwiOGJ3025uFpZ3ew2xJ
[2020-05-16 16:53:11]--[src_cgi/login_cgi.c:303]--token = ffedc692d964f676dd3b3293b794f34e
[2020-05-16 16:53:18]--[src_cgi/login_cgi.c:288]--buf = {
    "pwd": "85ec5b6e42f896d9ccf12e3ff0533440",
    "user": "yutianyu"
}

[2020-05-16 16:53:18]--[src_cgi/login_cgi.c:294]--user = yutianyu, pwd = 85ec5b6e42f896d9ccf12e3ff0533440
[2020-05-16 16:53:18]--[src_cgi/login_cgi.c:101]--mysql_user = root, mysql_pwd = 123456, mysql_db = yundisk
[2020-05-16 16:53:25]--[src_cgi/login_cgi.c:288]--buf = {
    "pwd": "fb3336fca8851437f980e83045e75749",
    "user": "yutianyu"
}

[2020-05-16 16:53:25]--[src_cgi/login_cgi.c:294]--user = yutianyu, pwd = fb3336fca8851437f980e83045e75749
[2020-05-16 16:53:25]--[src_cgi/login_cgi.c:101]--mysql_user = root, mysql_pwd = 123456, mysql_db = yundisk
[2020-05-16 16:53:25]--[src_cgi/login_cgi.c:161]--redis:[ip=127.0.0.1,port=6379]
[2020-05-16 16:53:25]--[src_cgi/login_cgi.c:185]--tmp = yutianyu792538285452
[2020-05-16 16:53:25]--[src_cgi/login_cgi.c:201]--base64 = ovo7BjfFPB8sBD4PxZsBN1xwfRxcJQhg
[2020-05-16 16:53:25]--[src_cgi/login_cgi.c:303]--token = a0ff06d2ca727cba0207c2ff6c59109b
[2020-05-16 21:38:20]--[src_cgi/login_cgi.c:288]--buf = {
    "pwd": "fb3336fca8851437f980e83045e75749",
    "user": "yutianyu"
}

[2020-05-16 21:38:20]--[src_cgi/login_cgi.c:294]--user = yutianyu, pwd = fb3336fca8851437f980e83045e75749
[2020-05-16 21:38:20]--[src_cgi/login_cgi.c:101]--mysql_user = root, mysql_pwd = 123456, mysql_db = yundisk
[2020-05-16 21:38:20]--[src_cgi/login_cgi.c:161]--redis:[ip=127.0.0.1,port=6379]
[2020-05-16 21:38:20]--[src_cgi/login_cgi.c:185]--tmp = yutianyu46078965964
[2020-05-16 21:38:20]--[src_cgi/login_cgi.c:201]--base64 = ovo7BjfFPB+RRxWoZuyokaRq65JaKWjj
[2020-05-16 21:38:20]--[src_cgi/login_cgi.c:303]--token = 12e05d4157fba3d6d12d2d408853daa0
