[2020-05-20 13:58:08]--[src_cgi/login_cgi.c:288]--buf = {
    "pwd": "fb3336fca8851437f980e83045e75749",
    "user": "yutianyu"
}

[2020-05-20 13:58:08]--[src_cgi/login_cgi.c:294]--user = yutianyu, pwd = fb3336fca8851437f980e83045e75749
[2020-05-20 13:58:08]--[src_cgi/login_cgi.c:101]--mysql_user = root, mysql_pwd = 123456, mysql_db = yundisk
[2020-05-20 13:58:08]--[src_cgi/login_cgi.c:161]--redis:[ip=127.0.0.1,port=6379]
[2020-05-20 13:58:08]--[src_cgi/login_cgi.c:185]--tmp = yutianyu371647992345
[2020-05-20 13:58:08]--[src_cgi/login_cgi.c:201]--base64 = ovo7BjfFPB+Jg7KRYUEnjRzM+rl0x7/s
[2020-05-20 13:58:08]--[src_cgi/login_cgi.c:303]--token = d414d56a54ead9bb13fa69dfe46a2e08
[2020-05-20 13:58:34]--[src_cgi/login_cgi.c:288]--buf = {
    "pwd": "fb3336fca8851437f980e83045e75749",
    "user": "yutianyu"
}

[2020-05-20 13:58:34]--[src_cgi/login_cgi.c:294]--user = yutianyu, pwd = fb3336fca8851437f980e83045e75749
[2020-05-20 13:58:34]--[src_cgi/login_cgi.c:101]--mysql_user = root, mysql_pwd = 123456, mysql_db = yundisk
[2020-05-20 13:58:34]--[src_cgi/login_cgi.c:161]--redis:[ip=127.0.0.1,port=6379]
[2020-05-20 13:58:34]--[src_cgi/login_cgi.c:185]--tmp = yutianyu17623054432
[2020-05-20 13:58:34]--[src_cgi/login_cgi.c:201]--base64 = ovo7BjfFPB9tGd7U9kdAMZg5Va4THAOy
[2020-05-20 13:58:34]--[src_cgi/login_cgi.c:303]--token = 45ea2117359fde3ca4e452c222ded48a
[2020-05-20 18:00:07]--[src_cgi/login_cgi.c:288]--buf = {
    "pwd": "fb3336fca8851437f980e83045e75749",
    "user": "yutianyu"
}

[2020-05-20 18:00:07]--[src_cgi/login_cgi.c:294]--user = yutianyu, pwd = fb3336fca8851437f980e83045e75749
[2020-05-20 18:00:07]--[src_cgi/login_cgi.c:101]--mysql_user = root, mysql_pwd = 123456, mysql_db = yundisk
[2020-05-20 18:00:07]--[src_cgi/login_cgi.c:161]--redis:[ip=127.0.0.1,port=6379]
[2020-05-20 18:00:07]--[src_cgi/login_cgi.c:185]--tmp = yutianyu343532350620
[2020-05-20 18:00:07]--[src_cgi/login_cgi.c:201]--base64 = ovo7BjfFPB+I/YKLV/a1HQrAG/JBEhlW
[2020-05-20 18:00:07]--[src_cgi/login_cgi.c:303]--token = 037b1a3c7bbf3e30b64aad5801b70505
