[2020-05-21 20:13:05]--[src_cgi/login_cgi.c:288]--buf = {
    "pwd": "fb3336fca8851437f980e83045e75749",
    "user": "yutianyu"
}

[2020-05-21 20:13:05]--[src_cgi/login_cgi.c:294]--user = yutianyu, pwd = fb3336fca8851437f980e83045e75749
[2020-05-21 20:13:05]--[src_cgi/login_cgi.c:101]--mysql_user = root, mysql_pwd = 123456, mysql_db = yundisk
[2020-05-21 20:13:05]--[src_cgi/login_cgi.c:161]--redis:[ip=127.0.0.1,port=6379]
[2020-05-21 20:13:05]--[src_cgi/login_cgi.c:185]--tmp = yutianyu65390722746
[2020-05-21 20:13:05]--[src_cgi/login_cgi.c:201]--base64 = ovo7BjfFPB/UBfSZjKMGTiCFnbmhEk8A
[2020-05-21 20:13:05]--[src_cgi/login_cgi.c:303]--token = 942bd083314402bd94b5975f25e67690
[2020-05-21 20:13:29]--[src_cgi/login_cgi.c:288]--buf = {
    "pwd": "fb3336fca8851437f980e83045e75749",
    "user": "yutianyu"
}

[2020-05-21 20:13:29]--[src_cgi/login_cgi.c:294]--user = yutianyu, pwd = fb3336fca8851437f980e83045e75749
[2020-05-21 20:13:29]--[src_cgi/login_cgi.c:101]--mysql_user = root, mysql_pwd = 123456, mysql_db = yundisk
[2020-05-21 20:13:29]--[src_cgi/login_cgi.c:161]--redis:[ip=127.0.0.1,port=6379]
[2020-05-21 20:13:29]--[src_cgi/login_cgi.c:185]--tmp = yutianyu352750857751
[2020-05-21 20:13:29]--[src_cgi/login_cgi.c:201]--base64 = ovo7BjfFPB8pNPqNJkgzmTKmKXIUnPtp
[2020-05-21 20:13:29]--[src_cgi/login_cgi.c:303]--token = bd624dbf042874ae73c5fe119cf41373
