[2020-05-18 17:22:51]--[src_cgi/md5_cgi.c:40]--mysql:[user=root,pwd=123456,database=yundisk][2020-05-18 17:24:55]--[src_cgi/md5_cgi.c:339]--buf = {
    "fileName": "tile_file.png",
    "md5": "1f3fd001e64d37e63f36273b44e6a5f5",
    "token": "ebe562109e2626d4a7a2289a04d181de",
    "user": "yutianyu"
}

[2020-05-18 17:24:55]--[src_cgi/md5_cgi.c:361]--user = yutianyu, token = ebe562109e2626d4a7a2289a04d181de, md5 = 1f3fd001e64d37e63f36273b44e6a5f5, filename = tile_file.png
[2020-05-18 17:24:55]--[src_cgi/md5_cgi.c:339]--buf = {
    "fileName": "tile_hot.png",
    "md5": "bae488ee63cef72efb6a3f1f311b3743",
    "token": "ebe562109e2626d4a7a2289a04d181de",
    "user": "yutianyu"
}

[2020-05-18 17:24:55]--[src_cgi/md5_cgi.c:361]--user = yutianyu, token = ebe562109e2626d4a7a2289a04d181de, md5 = bae488ee63cef72efb6a3f1f311b3743, filename = tile_hot.png
[2020-05-18 17:24:56]--[src_cgi/md5_cgi.c:339]--buf = {
    "fileName": "title_close.png",
    "md5": "a6159d77d7707c292b7a1c8b9fc7fe55",
    "token": "ebe562109e2626d4a7a2289a04d181de",
    "user": "yutianyu"
}

[2020-05-18 17:24:56]--[src_cgi/md5_cgi.c:361]--user = yutianyu, token = ebe562109e2626d4a7a2289a04d181de, md5 = a6159d77d7707c292b7a1c8b9fc7fe55, filename = title_close.png
[2020-05-18 17:24:56]--[src_cgi/md5_cgi.c:339]--buf = {
    "fileName": "title_data.png",
    "md5": "6bd1c9c32cc08b56a0540e93bce303c5",
    "token": "ebe562109e2626d4a7a2289a04d181de",
    "user": "yutianyu"
}

[2020-05-18 17:24:56]--[src_cgi/md5_cgi.c:361]--user = yutianyu, token = ebe562109e2626d4a7a2289a04d181de, md5 = 6bd1c9c32cc08b56a0540e93bce303c5, filename = title_data.png
[2020-05-18 20:51:35]--[src_cgi/md5_cgi.c:40]--mysql:[user=root,pwd=123456,database=yundisk][2020-05-18 21:35:58]--[src_cgi/md5_cgi.c:40]--mysql:[user=root,pwd=123456,database=yundisk]