[2020-05-18 17:22:51]--[src_cgi/myfiles_cgi.c:40]--mysql:[user=root,pwd=123456,database=yundisk][2020-05-18 17:24:38]--[src_cgi/myfiles_cgi.c:496]--cmd = count
[2020-05-18 17:24:38]--[src_cgi/myfiles_cgi.c:528]--buf = {
    "token": "ebe562109e2626d4a7a2289a04d181de",
    "user": "yutianyu"
}

[2020-05-18 17:24:38]--[src_cgi/myfiles_cgi.c:176]--line = 1
[2020-05-18 17:24:38]--[src_cgi/myfiles_cgi.c:496]--cmd = normal
[2020-05-18 17:24:38]--[src_cgi/myfiles_cgi.c:528]--buf = {
    "count": 1,
    "start": 0,
    "token": "ebe562109e2626d4a7a2289a04d181de",
    "user": "yutianyu"
}

[2020-05-18 17:24:38]--[src_cgi/myfiles_cgi.c:548]--user = yutianyu, token = ebe562109e2626d4a7a2289a04d181de, start = 0, count = 1
[2020-05-18 17:24:38]--[src_cgi/myfiles_cgi.c:306]--select user_file_list.*, file_info.url, file_info.size, file_info.type from file_info, user_file_list where user = 'yutianyu' and file_info.md5 = user_file_list.md5 limit 0, 1 在操作
[2020-05-18 17:24:38]--[src_cgi/myfiles_cgi.c:428]--{
	"files":	[{
			"user":	"yutianyu",
			"md5":	"1752983da17f70758d1026415797da8c",
			"time":	"2020-05-16 16:52:15",
			"filename":	"echo.c",
			"share_status":	1,
			"pv":	0,
			"url":	"http://192.168.142.228:80/group1/M00/00/00/wKiO5F6_qb-AByvLAAAHT7NSqm066237.c",
			"size":	1871,
			"type":	"c"
		}]
}
[2020-05-18 17:24:58]--[src_cgi/myfiles_cgi.c:496]--cmd = count
[2020-05-18 17:24:58]--[src_cgi/myfiles_cgi.c:528]--buf = {
    "token": "ebe562109e2626d4a7a2289a04d181de",
    "user": "yutianyu"
}

[2020-05-18 17:24:58]--[src_cgi/myfiles_cgi.c:176]--line = 5
[2020-05-18 17:24:58]--[src_cgi/myfiles_cgi.c:496]--cmd = normal
[2020-05-18 17:24:58]--[src_cgi/myfiles_cgi.c:528]--buf = {
    "count": 5,
    "start": 0,
    "token": "ebe562109e2626d4a7a2289a04d181de",
    "user": "yutianyu"
}

[2020-05-18 17:24:58]--[src_cgi/myfiles_cgi.c:548]--user = yutianyu, token = ebe562109e2626d4a7a2289a04d181de, start = 0, count = 5
[2020-05-18 17:24:58]--[src_cgi/myfiles_cgi.c:306]--select user_file_list.*, file_info.url, file_info.size, file_info.type from file_info, user_file_list where user = 'yutianyu' and file_info.md5 = user_file_list.md5 limit 0, 5 在操作
[2020-05-18 17:24:58]--[src_cgi/myfiles_cgi.c:428]--{
	"files":	[{
			"user":	"yutianyu",
			"md5":	"1752983da17f70758d1026415797da8c",
			"time":	"2020-05-16 16:52:15",
			"filename":	"echo.c",
			"share_status":	1,
			"pv":	0,
			"url":	"http://192.168.142.228:80/group1/M00/00/00/wKiO5F6_qb-AByvLAAAHT7NSqm066237.c",
			"size":	1871,
			"type":	"c"
		}, {
			"user":	"yutianyu",
			"md5":	"1f3fd001e64d37e63f36273b44e6a5f5",
			"time":	"2020-05-18 17:24:55",
			"filename":	"tile_file.png",
			"share_status":	0,
			"pv":	0,
			"url":	"http://192.168.142.228:80/group1/M00/00/00/wKiO5F7CVGeAOtXKAAArifLG8T8007.png",
			"size":	11145,
			"type":	"png"
		}, {
			"user":	"yutianyu",
			"md5":	"bae488ee63cef72efb6a3f1f311b3743",
			"time":	"2020-05-18 17:24:55",
			"filename":	"tile_hot.png",
			"share_status":	0,
			"pv":	0,
			"url":	"http://192.168.142.228:80/group1/M00/00/00/wKiO5F7CVGeAQB81AAAlCssjFfA315.png",
			"size":	9482,
			"type":	"png"
		}, {
			"user":	"yutianyu",
			"md5":	"a6159d77d7707c292b7a1c8b9fc7fe55",
			"time":	"2020-05-18 17:24:56",
			"filename":	"title_close.png",
			"share_status":	0,
			"pv":	0,
			"url":	"http://192.168.142.228:80/group1/M00/00/00/wKiO5F7CVGiAD3DkAAAO1syDkgc013.png",
			"size":	3798,
			"type":	"png"
		}, {
			"user":	"yutianyu",
			"md5":	"6bd1c9c32cc08b56a0540e93bce303c5",
			"time":	"2020-05-18 17:24:56",
			"filename":	"title_data.png",
			"share_status":	0,
			"pv":	0,
			"url":	"http://192.168.142.228:80/group1/M00/00/00/wKiO5F7CVGiAATsSAAAmRXFnLq0612.png",
			"size":	9797,
			"type":	"png"
		}]
}
[2020-05-18 17:25:18]--[src_cgi/myfiles_cgi.c:496]--cmd = count
[2020-05-18 17:25:18]--[src_cgi/myfiles_cgi.c:528]--buf = {
    "token": "ebe562109e2626d4a7a2289a04d181de",
    "user": "yutianyu"
}

[2020-05-18 17:25:18]--[src_cgi/myfiles_cgi.c:176]--line = 5
[2020-05-18 17:25:18]--[src_cgi/myfiles_cgi.c:496]--cmd = normal
[2020-05-18 17:25:18]--[src_cgi/myfiles_cgi.c:528]--buf = {
    "count": 5,
    "start": 0,
    "token": "ebe562109e2626d4a7a2289a04d181de",
    "user": "yutianyu"
}

[2020-05-18 17:25:18]--[src_cgi/myfiles_cgi.c:548]--user = yutianyu, token = ebe562109e2626d4a7a2289a04d181de, start = 0, count = 5
[2020-05-18 17:25:18]--[src_cgi/myfiles_cgi.c:306]--select user_file_list.*, file_info.url, file_info.size, file_info.type from file_info, user_file_list where user = 'yutianyu' and file_info.md5 = user_file_list.md5 limit 0, 5 在操作
[2020-05-18 17:25:18]--[src_cgi/myfiles_cgi.c:428]--{
	"files":	[{
			"user":	"yutianyu",
			"md5":	"1752983da17f70758d1026415797da8c",
			"time":	"2020-05-16 16:52:15",
			"filename":	"echo.c",
			"share_status":	1,
			"pv":	0,
			"url":	"http://192.168.142.228:80/group1/M00/00/00/wKiO5F6_qb-AByvLAAAHT7NSqm066237.c",
			"size":	1871,
			"type":	"c"
		}, {
			"user":	"yutianyu",
			"md5":	"1f3fd001e64d37e63f36273b44e6a5f5",
			"time":	"2020-05-18 17:24:55",
			"filename":	"tile_file.png",
			"share_status":	0,
			"pv":	0,
			"url":	"http://192.168.142.228:80/group1/M00/00/00/wKiO5F7CVGeAOtXKAAArifLG8T8007.png",
			"size":	11145,
			"type":	"png"
		}, {
			"user":	"yutianyu",
			"md5":	"bae488ee63cef72efb6a3f1f311b3743",
			"time":	"2020-05-18 17:24:55",
			"filename":	"tile_hot.png",
			"share_status":	0,
			"pv":	0,
			"url":	"http://192.168.142.228:80/group1/M00/00/00/wKiO5F7CVGeAQB81AAAlCssjFfA315.png",
			"size":	9482,
			"type":	"png"
		}, {
			"user":	"yutianyu",
			"md5":	"a6159d77d7707c292b7a1c8b9fc7fe55",
			"time":	"2020-05-18 17:24:56",
			"filename":	"title_close.png",
			"share_status":	0,
			"pv":	0,
			"url":	"http://192.168.142.228:80/group1/M00/00/00/wKiO5F7CVGiAD3DkAAAO1syDkgc013.png",
			"size":	3798,
			"type":	"png"
		}, {
			"user":	"yutianyu",
			"md5":	"6bd1c9c32cc08b56a0540e93bce303c5",
			"time":	"2020-05-18 17:24:56",
			"filename":	"title_data.png",
			"share_status":	0,
			"pv":	0,
			"url":	"http://192.168.142.228:80/group1/M00/00/00/wKiO5F7CVGiAATsSAAAmRXFnLq0612.png",
			"size":	9797,
			"type":	"png"
		}]
}
[2020-05-18 20:51:35]--[src_cgi/myfiles_cgi.c:40]--mysql:[user=root,pwd=123456,database=yundisk][2020-05-18 21:35:58]--[src_cgi/myfiles_cgi.c:40]--mysql:[user=root,pwd=123456,database=yundisk]