[2020-05-21 20:12:58]--[src_cgi/sharefiles_cgi.c:42]--mysql:[user=root,pwd=123456,database=yundisk][2020-05-21 20:12:58]--[src_cgi/sharefiles_cgi.c:47]--redis:[ip=127.0.0.1,port=6379]
[2020-05-21 20:13:09]--[src_cgi/sharefiles_cgi.c:598]--cmd = count
[2020-05-21 20:13:09]--[src_cgi/sharefiles_cgi.c:85]--line = 2
[2020-05-21 20:13:09]--[src_cgi/sharefiles_cgi.c:598]--cmd = normal
[2020-05-21 20:13:09]--[src_cgi/sharefiles_cgi.c:636]--buf = {
    "count": 2,
    "start": 0
}

[2020-05-21 20:13:09]--[src_cgi/sharefiles_cgi.c:645]--start = 0, count = 2
[2020-05-21 20:13:09]--[src_cgi/sharefiles_cgi.c:172]--select share_file_list.*, file_info.url, file_info.size, file_info.type from file_info, share_file_list where file_info.md5 = share_file_list.md5 limit 0, 2 在操作
[2020-05-21 20:13:09]--[src_cgi/sharefiles_cgi.c:292]--{
	"files":	[{
			"user":	"yutianyu",
			"md5":	"1752983da17f70758d1026415797da8c",
			"time":	"2020-05-16 16:53:42",
			"filename":	"echo.c",
			"share_status":	1,
			"pv":	1,
			"url":	"http://192.168.142.228:80/group1/M00/00/00/wKiO5F6_qb-AByvLAAAHT7NSqm066237.c",
			"size":	1871,
			"type":	"c"
		}, {
			"user":	"yutianyu",
			"md5":	"1f3fd001e64d37e63f36273b44e6a5f5",
			"time":	"2020-05-18 17:25:20",
			"filename":	"tile_file.png",
			"share_status":	1,
			"pv":	0,
			"url":	"http://192.168.142.228:80/group1/M00/00/00/wKiO5F7CVGeAOtXKAAArifLG8T8007.png",
			"size":	11145,
			"type":	"png"
		}]
}
[2020-05-21 20:13:14]--[src_cgi/sharefiles_cgi.c:598]--cmd = count
[2020-05-21 20:13:14]--[src_cgi/sharefiles_cgi.c:85]--line = 2
[2020-05-21 20:13:14]--[src_cgi/sharefiles_cgi.c:598]--cmd = pvdesc
[2020-05-21 20:13:14]--[src_cgi/sharefiles_cgi.c:636]--buf = {
    "count": 2,
    "start": 0
}

[2020-05-21 20:13:14]--[src_cgi/sharefiles_cgi.c:645]--start = 0, count = 2
[2020-05-21 20:13:14]--[src_cgi/sharefiles_cgi.c:399]--sql_num = 2, redis_num = 3
[2020-05-21 20:13:14]--[src_cgi/sharefiles_cgi.c:413]--select md5, filename, pv from share_file_list order by pv desc 在操作
[2020-05-21 20:13:14]--[src_cgi/sharefiles_cgi.c:529]--{
	"files":	[{
			"filename":	"echo.c",
			"pv":	1
		}, {
			"filename":	"tile_hot.png",
			"pv":	0
		}]
}
[2020-05-21 20:14:27]--[src_cgi/sharefiles_cgi.c:598]--cmd = count
[2020-05-21 20:14:27]--[src_cgi/sharefiles_cgi.c:85]--line = 2
[2020-05-21 20:14:27]--[src_cgi/sharefiles_cgi.c:598]--cmd = normal
[2020-05-21 20:14:27]--[src_cgi/sharefiles_cgi.c:636]--buf = {
    "count": 2,
    "start": 0
}

[2020-05-21 20:14:27]--[src_cgi/sharefiles_cgi.c:645]--start = 0, count = 2
[2020-05-21 20:14:27]--[src_cgi/sharefiles_cgi.c:172]--select share_file_list.*, file_info.url, file_info.size, file_info.type from file_info, share_file_list where file_info.md5 = share_file_list.md5 limit 0, 2 在操作
[2020-05-21 20:14:27]--[src_cgi/sharefiles_cgi.c:292]--{
	"files":	[{
			"user":	"yutianyu",
			"md5":	"1752983da17f70758d1026415797da8c",
			"time":	"2020-05-16 16:53:42",
			"filename":	"echo.c",
			"share_status":	1,
			"pv":	1,
			"url":	"http://192.168.142.228:80/group1/M00/00/00/wKiO5F6_qb-AByvLAAAHT7NSqm066237.c",
			"size":	1871,
			"type":	"c"
		}, {
			"user":	"yutianyu",
			"md5":	"1f3fd001e64d37e63f36273b44e6a5f5",
			"time":	"2020-05-18 17:25:20",
			"filename":	"tile_file.png",
			"share_status":	1,
			"pv":	0,
			"url":	"http://192.168.142.228:80/group1/M00/00/00/wKiO5F7CVGeAOtXKAAArifLG8T8007.png",
			"size":	11145,
			"type":	"png"
		}]
}
[2020-05-21 21:00:26]--[src_cgi/sharefiles_cgi.c:598]--cmd = count
[2020-05-21 21:00:26]--[src_cgi/sharefiles_cgi.c:85]--line = 2
[2020-05-21 21:00:26]--[src_cgi/sharefiles_cgi.c:598]--cmd = normal
[2020-05-21 21:00:26]--[src_cgi/sharefiles_cgi.c:636]--buf = {
    "count": 2,
    "start": 0
}

[2020-05-21 21:00:26]--[src_cgi/sharefiles_cgi.c:645]--start = 0, count = 2
[2020-05-21 21:00:26]--[src_cgi/sharefiles_cgi.c:172]--select share_file_list.*, file_info.url, file_info.size, file_info.type from file_info, share_file_list where file_info.md5 = share_file_list.md5 limit 0, 2 在操作
[2020-05-21 21:00:26]--[src_cgi/sharefiles_cgi.c:292]--{
	"files":	[{
			"user":	"yutianyu",
			"md5":	"1752983da17f70758d1026415797da8c",
			"time":	"2020-05-16 16:53:42",
			"filename":	"echo.c",
			"share_status":	1,
			"pv":	1,
			"url":	"http://192.168.142.228:80/group1/M00/00/00/wKiO5F6_qb-AByvLAAAHT7NSqm066237.c",
			"size":	1871,
			"type":	"c"
		}, {
			"user":	"yutianyu",
			"md5":	"1f3fd001e64d37e63f36273b44e6a5f5",
			"time":	"2020-05-18 17:25:20",
			"filename":	"tile_file.png",
			"share_status":	1,
			"pv":	0,
			"url":	"http://192.168.142.228:80/group1/M00/00/00/wKiO5F7CVGeAOtXKAAArifLG8T8007.png",
			"size":	11145,
			"type":	"png"
		}]
}
[2020-05-21 21:00:31]--[src_cgi/sharefiles_cgi.c:598]--cmd = count
[2020-05-21 21:00:31]--[src_cgi/sharefiles_cgi.c:85]--line = 2
[2020-05-21 21:00:31]--[src_cgi/sharefiles_cgi.c:598]--cmd = pvdesc
[2020-05-21 21:00:31]--[src_cgi/sharefiles_cgi.c:636]--buf = {
    "count": 2,
    "start": 0
}

[2020-05-21 21:00:31]--[src_cgi/sharefiles_cgi.c:645]--start = 0, count = 2
[2020-05-21 21:00:31]--[src_cgi/sharefiles_cgi.c:399]--sql_num = 2, redis_num = 3
[2020-05-21 21:00:31]--[src_cgi/sharefiles_cgi.c:413]--select md5, filename, pv from share_file_list order by pv desc 在操作
[2020-05-21 21:00:31]--[src_cgi/sharefiles_cgi.c:529]--{
	"files":	[{
			"filename":	"echo.c",
			"pv":	1
		}, {
			"filename":	"tile_hot.png",
			"pv":	0
		}]
}
